<?xml version="1.0" encoding="utf-8"?>
<TestRun id="90be28b3-8ff1-43d4-8e48-a4ba1487ba98" name="Admin@DESKTOP-CTTE8JM 2026-04-11 20:46:06" runUser="DESKTOP-CTTE8JM\Admin" xmlns="http://microsoft.com/schemas/VisualStudio/TeamTest/2010">
  <Times creation="2026-04-11T20:46:06.7261448+05:00" queuing="2026-04-11T20:46:06.7261452+05:00" start="2026-04-11T20:46:00.5317190+05:00" finish="2026-04-11T20:48:38.7671622+05:00" />
  <TestSettings name="default" id="320792eb-810d-4164-9720-f2fcab0a12ef">
    <Deployment runDeploymentRoot="Admin_DESKTOP-CTTE8JM_2026-04-11_20_46_06" />
  </TestSettings>
  <Results>
    <UnitTestResult executionId="1713288e-720d-40b2-a8dc-7a88ac377414" testId="24c045fb-be4c-1a86-7d64-79a581f2244e" testName="OetLearner.Api.Tests.AuthFlowsTests.AuthService_RegisterLearner_CreatesLinkedAccountAndReturnsSession" computerName="DESKTOP-CTTE8JM" duration="00:00:00.1628383" startTime="2026-04-11T20:47:53.3242952+05:00" endTime="2026-04-11T20:47:53.4870956+05:00" testType="13cdc9d9-ddb5-4fa4-a97d-d965ccfc6d4b" outcome="Passed" testListId="8c84fa94-04c1-424b-9868-57a2d4851a1d" relativeResultsDirectory="1713288e-720d-40b2-a8dc-7a88ac377414" />
    <UnitTestResult executionId="c990725e-d6c9-4956-8365-724b2ce8b033" testId="d0618c05-f6f5-2150-419e-5ec1cee5370d" testName="OetLearner.Api.Tests.AuthFlowsTests.AuthRequestContracts_SerializeAndDeserializeWithExpectedShape(sample: VerifyEmailOtpRequest { Email = learner@example.com, Purpose = verify_email, Code = 123456 }, expectedProperties: [&quot;email&quot;, &quot;purpose&quot;, &quot;code&quot;])" computerName="DESKTOP-CTTE8JM" duration="00:00:00.0001349" startTime="2026-04-11T20:47:50.7046452+05:00" endTime="2026-04-11T20:47:50.7047744+05:00" testType="13cdc9d9-ddb5-4fa4-a97d-d965ccfc6d4b" outcome="Passed" testListId="8c84fa94-04c1-424b-9868-57a2d4851a1d" relativeResultsDirectory="c990725e-d6c9-4956-8365-724b2ce8b033" />
    <UnitTestResult executionId="d7a5f88c-b6f9-4ce7-a228-a191663b8528" testId="0bc56ec7-94f3-9e97-0437-b17cccbab4b7" testName="OetLearner.Api.Tests.AdminFlowsTests.AdminBilling_PlansReturnsSeeded" computerName="DESKTOP-CTTE8JM" duration="00:00:00.0832304" startTime="2026-04-11T20:48:04.2339235+05:00" endTime="2026-04-11T20:48:04.3171915+05:00" testType="13cdc9d9-ddb5-4fa4-a97d-d965ccfc6d4b" outcome="Passed" testListId="8c84fa94-04c1-424b-9868-57a2d4851a1d" relativeResultsDirectory="d7a5f88c-b6f9-4ce7-a228-a191663b8528" />
    <UnitTestResult executionId="8ce89e75-8645-47d7-b0e3-06b32223b545" testId="39e16a28-9b4f-3a2a-bc82-6b563fd57dd9" testName="OetLearner.Api.Tests.AuthFlowsTests.EmailOtpService_RequestEmailVerificationOtp_ReplacesPendingChallengeOnRepeatRequest" computerName="DESKTOP-CTTE8JM" duration="00:00:00.0055767" startTime="2026-04-11T20:47:27.3803049+05:00" endTime="2026-04-11T20:47:27.3856739+05:00" testType="13cdc9d9-ddb5-4fa4-a97d-d965ccfc6d4b" outcome="Passed" testListId="8c84fa94-04c1-424b-9868-57a2d4851a1d" relativeResultsDirectory="8ce89e75-8645-47d7-b0e3-06b32223b545" />
    <UnitTestResult executionId="95933aae-b386-4c76-a51a-2df2433e190b" testId="ef1dc823-973d-0e1c-cb77-0f2158d08273" testName="OetLearner.Api.Tests.AuthFlowsTests.AuthEndpoints_Register_RejectsMalformedEmail" computerName="DESKTOP-CTTE8JM" duration="00:00:03.3955187" startTime="2026-04-11T20:47:35.7280603+05:00" endTime="2026-04-11T20:47:39.1236623+05:00" testType="13cdc9d9-ddb5-4fa4-a97d-d965ccfc6d4b" outcome="Passed" testListId="8c84fa94-04c1-424b-9868-57a2d4851a1d" relativeResultsDirectory="95933aae-b386-4c76-a51a-2df2433e190b" />
    <UnitTestResult executionId="8685801b-6fa2-4bd6-a9d5-ac8b2294cee2" testId="84461787-6230-1362-1c3c-a95f194a8c79" testName="OetLearner.Api.Tests.ExpertFlowsTests.ExpertCannotSaveDraftWithoutAssignment" computerName="DESKTOP-CTTE8JM" duration="00:00:00.0716695" startTime="2026-04-11T20:47:06.7593853+05:00" endTime="2026-04-11T20:47:06.8310080+05:00" testType="13cdc9d9-ddb5-4fa4-a97d-d965ccfc6d4b" outcome="Passed" testListId="8c84fa94-04c1-424b-9868-57a2d4851a1d" relativeResultsDirectory="8685801b-6fa2-4bd6-a9d5-ac8b2294cee2" />
    <UnitTestResult executionId="0eaa8c58-2c41-426d-b9bd-c678e099b568" testId="a0e8a236-c9d9-9136-08db-22403e45eec7" testName="OetLearner.Api.Tests.ExpertFlowsTests.ExpertCalibrationNotes_ReturnsSeededNotes" computerName="DESKTOP-CTTE8JM" duration="00:00:00.0810939" startTime="2026-04-11T20:46:59.0321717+05:00" endTime="2026-04-11T20:46:59.1133371+05:00" testType="13cdc9d9-ddb5-4fa4-a97d-d965ccfc6d4b" outcome="Passed" testListId="8c84fa94-04c1-424b-9868-57a2d4851a1d" relativeResultsDirectory="0eaa8c58-2c41-426d-b9bd-c678e099b568" />
    <UnitTestResult executionId="a393430a-e9ed-4ea5-9015-f06a55077ce8" testId="efb2b6a4-262f-e513-e4b3-f5b1774de389" testName="OetLearner.Api.Tests.AuthFlowsTests.AuthEndpoints_SessionFlow_SignInRefreshMeAndSignOut" computerName="DESKTOP-CTTE8JM" duration="00:00:02.6646758" startTime="2026-04-11T20:47:33.0629844+05:00" endTime="2026-04-11T20:47:35.7279305+05:00" testType="13cdc9d9-ddb5-4fa4-a97d-d965ccfc6d4b" outcome="Passed" testListId="8c84fa94-04c1-424b-9868-57a2d4851a1d" relativeResultsDirectory="a393430a-e9ed-4ea5-9015-f06a55077ce8" />
    <UnitTestResult executionId="00abed26-7d03-4558-90de-1cdb522c817a" testId="ccc7edcf-1b64-7b66-ca6f-ca472b64fba9" testName="OetLearner.Api.Tests.AdminFlowsTests.AdminContent_UpdateCreatesRevision" computerName="DESKTOP-CTTE8JM" duration="00:00:02.2978465" startTime="2026-04-11T20:48:01.9358345+05:00" endTime="2026-04-11T20:48:04.2337167+05:00" testType="13cdc9d9-ddb5-4fa4-a97d-d965ccfc6d4b" outcome="Passed" testListId="8c84fa94-04c1-424b-9868-57a2d4851a1d" relativeResultsDirectory="00abed26-7d03-4558-90de-1cdb522c817a" />
    <UnitTestResult executionId="01a872eb-4c57-48e8-aa40-e97052babc34" testId="00cd5e07-f9ff-cc89-1ecc-47ffa3a0c42d" testName="OetLearner.Api.Tests.ProductionReadinessTests.SpeakingUploadPipeline_StoresBinary_AndStreamsItToExperts" computerName="DESKTOP-CTTE8JM" duration="00:00:03.1010170" startTime="2026-04-11T20:46:20.5174878+05:00" endTime="2026-04-11T20:46:23.6186007+05:00" testType="13cdc9d9-ddb5-4fa4-a97d-d965ccfc6d4b" outcome="Passed" testListId="8c84fa94-04c1-424b-9868-57a2d4851a1d" relativeResultsDirectory="01a872eb-4c57-48e8-aa40-e97052babc34" />
    <UnitTestResult executionId="bb9969fa-4db1-423a-8897-16e630ee0a56" testId="8465061d-e838-2904-923e-32049e7251fe" testName="OetLearner.Api.Tests.AuthFlowsTests.ExternalAuthService_Exchange_ReturnsRegistrationPromptForNewLearner" computerName="DESKTOP-CTTE8JM" duration="00:00:00.0137757" startTime="2026-04-11T20:47:20.4120007+05:00" endTime="2026-04-11T20:47:20.4257179+05:00" testType="13cdc9d9-ddb5-4fa4-a97d-d965ccfc6d4b" outcome="Passed" testListId="8c84fa94-04c1-424b-9868-57a2d4851a1d" relativeResultsDirectory="bb9969fa-4db1-423a-8897-16e630ee0a56" />
    <UnitTestResult executionId="00d3117f-65f6-44c8-8777-bcb61ca0df34" testId="0e3c4336-9464-e2dd-813c-06a10527792d" testName="OetLearner.Api.Tests.ExpertFlowsTests.ExpertMe_ReturnsExpertProfile" computerName="DESKTOP-CTTE8JM" duration="00:00:00.0782532" startTime="2026-04-11T20:46:40.9659203+05:00" endTime="2026-04-11T20:46:41.0442416+05:00" testType="13cdc9d9-ddb5-4fa4-a97d-d965ccfc6d4b" outcome="Passed" testListId="8c84fa94-04c1-424b-9868-57a2d4851a1d" relativeResultsDirectory="00d3117f-65f6-44c8-8777-bcb61ca0df34" />
    <UnitTestResult executionId="7dfefe8c-ca0f-4108-9a8c-4778ebfb0cf1" testId="d84afb09-fd68-064b-fb93-48ec8290d685" testName="OetLearner.Api.Tests.NotificationFlowsTests.AdminPolicyOverride_DisablesEmail_ButKeepsInAppDelivery" computerName="DESKTOP-CTTE8JM" duration="00:00:03.4106563" startTime="2026-04-11T20:48:32.3313314+05:00" endTime="2026-04-11T20:48:35.7423632+05:00" testType="13cdc9d9-ddb5-4fa4-a97d-d965ccfc6d4b" outcome="Passed" testListId="8c84fa94-04c1-424b-9868-57a2d4851a1d" relativeResultsDirectory="7dfefe8c-ca0f-4108-9a8c-4778ebfb0cf1" />
    <UnitTestResult executionId="d76e4a45-2b5a-4a74-91e8-034d4138ce5f" testId="b4da57a9-b675-1e44-8c00-c7d119205653" testName="OetLearner.Api.Tests.AuthFlowsTests.AuthEndpoints_SendVerificationOtpAfterRegistration_ReturnsChallenge" computerName="DESKTOP-CTTE8JM" duration="00:00:02.4841629" startTime="2026-04-11T20:47:15.2614364+05:00" endTime="2026-04-11T20:47:17.7457477+05:00" testType="13cdc9d9-ddb5-4fa4-a97d-d965ccfc6d4b" outcome="Passed" testListId="8c84fa94-04c1-424b-9868-57a2d4851a1d" relativeResultsDirectory="d76e4a45-2b5a-4a74-91e8-034d4138ce5f" />
    <UnitTestResult executionId="92a9a83d-94ef-4638-8d74-ae84377cb789" testId="05caeb56-f7e6-a215-2522-5f086e054bb1" testName="OetLearner.Api.Tests.LearnerSpecRegressionTests.SettingsAggregate_ExposesGoalsSection_ForInitialHydrate" computerName="DESKTOP-CTTE8JM" duration="00:00:00.0145822" startTime="2026-04-11T20:46:36.5859224+05:00" endTime="2026-04-11T20:46:36.6006486+05:00" testType="13cdc9d9-ddb5-4fa4-a97d-d965ccfc6d4b" outcome="Passed" testListId="8c84fa94-04c1-424b-9868-57a2d4851a1d" relativeResultsDirectory="92a9a83d-94ef-4638-8d74-ae84377cb789" />
    <UnitTestResult executionId="4f8945a5-a74f-47bd-8072-8518d8338b59" testId="b49580a8-63ee-5e8f-5f6c-3a8358df54e0" testName="OetLearner.Api.Tests.AuthFlowsTests.AuthEndpoints_VerifyEmailOtp_RejectsInvalidCode" computerName="DESKTOP-CTTE8JM" duration="00:00:02.3515520" startTime="2026-04-11T20:47:48.3485959+05:00" endTime="2026-04-11T20:47:50.7003374+05:00" testType="13cdc9d9-ddb5-4fa4-a97d-d965ccfc6d4b" outcome="Passed" testListId="8c84fa94-04c1-424b-9868-57a2d4851a1d" relativeResultsDirectory="4f8945a5-a74f-47bd-8072-8518d8338b59" />
    <UnitTestResult executionId="8a324efc-3012-4369-a16b-ea5d773eaac6" testId="e91ff1c7-9ef2-8217-6cf5-4d21601abd42" testName="OetLearner.Api.Tests.ProductionReadinessTests.App_BootsWithBrevoSmtpRelayConfiguration_InProduction" computerName="DESKTOP-CTTE8JM" duration="00:00:02.3048444" startTime="2026-04-11T20:46:15.8481742+05:00" endTime="2026-04-11T20:46:18.1525221+05:00" testType="13cdc9d9-ddb5-4fa4-a97d-d965ccfc6d4b" outcome="Passed" testListId="8c84fa94-04c1-424b-9868-57a2d4851a1d" relativeResultsDirectory="8a324efc-3012-4369-a16b-ea5d773eaac6" />
    <UnitTestResult executionId="57322653-5bc5-4ce4-9392-605204a68320" testId="91ab0a93-b09b-b401-4e41-249d62a5b197" testName="OetLearner.Api.Tests.AdminFlowsTests.AdminAIConfig_CreateAndUpdate" computerName="DESKTOP-CTTE8JM" duration="00:00:00.0892286" startTime="2026-04-11T20:48:04.9148558+05:00" endTime="2026-04-11T20:48:05.0042612+05:00" testType="13cdc9d9-ddb5-4fa4-a97d-d965ccfc6d4b" outcome="Passed" testListId="8c84fa94-04c1-424b-9868-57a2d4851a1d" relativeResultsDirectory="57322653-5bc5-4ce4-9392-605204a68320" />
    <UnitTestResult executionId="356dd136-484d-4857-be31-fbdece282b94" testId="fbafad5e-3eb1-2597-e102-d5734e9a0071" testName="OetLearner.Api.Tests.AdminFlowsTests.AdminUsers_StatusUpdateRejectsUnknownValues" computerName="DESKTOP-CTTE8JM" duration="00:00:00.0696650" startTime="2026-04-11T20:48:12.6993902+05:00" endTime="2026-04-11T20:48:12.7692086+05:00" testType="13cdc9d9-ddb5-4fa4-a97d-d965ccfc6d4b" outcome="Passed" testListId="8c84fa94-04c1-424b-9868-57a2d4851a1d" relativeResultsDirectory="356dd136-484d-4857-be31-fbdece282b94" />
    <UnitTestResult executionId="d659a6b8-445c-48ce-897f-6b2f95f3ffdf" testId="0c778a96-1b0a-55d5-bf5a-33b9c1af096b" testName="OetLearner.Api.Tests.AuthFlowsTests.AuthEndpoints_MfaChallenge_CompletesPrivilegedSignInAfterAuthenticatorSetup" computerName="DESKTOP-CTTE8JM" duration="00:00:02.8650598" startTime="2026-04-11T20:47:53.4871731+05:00" endTime="2026-04-11T20:47:56.3523938+05:00" testType="13cdc9d9-ddb5-4fa4-a97d-d965ccfc6d4b" outcome="Passed" testListId="8c84fa94-04c1-424b-9868-57a2d4851a1d" relativeResultsDirectory="d659a6b8-445c-48ce-897f-6b2f95f3ffdf" />
    <UnitTestResult executionId="bb94cc5a-9b4b-464e-8e10-93fc7d61f75d" testId="28912743-2819-4973-84e5-c2d761fafd2f" testName="OetLearner.Api.Tests.ExpertFlowsTests.ExpertLearnerReviewContext_ReturnsScopedSignals" computerName="DESKTOP-CTTE8JM" duration="00:00:00.0672543" startTime="2026-04-11T20:47:06.8311028+05:00" endTime="2026-04-11T20:47:06.8984293+05:00" testType="13cdc9d9-ddb5-4fa4-a97d-d965ccfc6d4b" outcome="Passed" testListId="8c84fa94-04c1-424b-9868-57a2d4851a1d" relativeResultsDirectory="bb94cc5a-9b4b-464e-8e10-93fc7d61f75d" />
    <UnitTestResult executionId="5152239e-848e-47b0-bcb9-5426a866e285" testId="d324ef7f-d01d-ea34-23a7-58416154d75b" testName="OetLearner.Api.Tests.ReviewClaimConcurrencyTests.ReviewRequest_ConcurrentClaimWrites_ThrowConcurrencyException" computerName="DESKTOP-CTTE8JM" duration="00:00:00.7967784" startTime="2026-04-11T20:48:17.1614153+05:00" endTime="2026-04-11T20:48:17.9582590+05:00" testType="13cdc9d9-ddb5-4fa4-a97d-d965ccfc6d4b" outcome="Passed" testListId="8c84fa94-04c1-424b-9868-57a2d4851a1d" relativeResultsDirectory="5152239e-848e-47b0-bcb9-5426a866e285" />
    <UnitTestResult executionId="ef51baa8-d3e2-42de-8867-a6eef877dba1" testId="7cd8c26e-d726-3542-3ee1-d7dad0714837" testName="OetLearner.Api.Tests.AdminFlowsTests.AdminReviewOps_SummaryReturnsShape" computerName="DESKTOP-CTTE8JM" duration="00:00:00.1194064" startTime="2026-04-11T20:48:04.6327727+05:00" endTime="2026-04-11T20:48:04.7523158+05:00" testType="13cdc9d9-ddb5-4fa4-a97d-d965ccfc6d4b" outcome="Passed" testListId="8c84fa94-04c1-424b-9868-57a2d4851a1d" relativeResultsDirectory="ef51baa8-d3e2-42de-8867-a6eef877dba1" />
    <UnitTestResult executionId="f3b95ffb-740a-467e-9ef4-7184cbaa5fcd" testId="66705a38-11ec-7ced-5b3a-7d1d139c1646" testName="OetLearner.Api.Tests.ExpertFlowsTests.ExpertQueue_ReturnsSeededReviewRequests" computerName="DESKTOP-CTTE8JM" duration="00:00:00.0679057" startTime="2026-04-11T20:47:06.8985204+05:00" endTime="2026-04-11T20:47:06.9666321+05:00" testType="13cdc9d9-ddb5-4fa4-a97d-d965ccfc6d4b" outcome="Passed" testListId="8c84fa94-04c1-424b-9868-57a2d4851a1d" relativeResultsDirectory="f3b95ffb-740a-467e-9ef4-7184cbaa5fcd" />
    <UnitTestResult executionId="5cb709e0-0e0a-4159-9244-8358440bc496" testId="f42971d0-3ea7-7791-5782-7d52dfe4ad2e" testName="OetLearner.Api.Tests.ProductionReadinessTests.App_FailsFastInProduction_WhenBrevoConfigIsMissing" computerName="DESKTOP-CTTE8JM" duration="00:00:00.0218973" startTime="2026-04-11T20:46:09.2539368+05:00" endTime="2026-04-11T20:46:09.2759879+05:00" testType="13cdc9d9-ddb5-4fa4-a97d-d965ccfc6d4b" outcome="Passed" testListId="8c84fa94-04c1-424b-9868-57a2d4851a1d" relativeResultsDirectory="5cb709e0-0e0a-4159-9244-8358440bc496" />
    <UnitTestResult executionId="5026e992-9948-442f-9082-7c2a5e0e46e8" testId="488cbd4b-8391-afe1-da50-69a7b5a5a2b0" testName="OetLearner.Api.Tests.LearnerSurfaceContractTests.ProgressAndSubmissionHistory_ExposeAnalyticsAndActions" computerName="DESKTOP-CTTE8JM" duration="00:00:00.0634363" startTime="2026-04-11T20:46:25.8711922+05:00" endTime="2026-04-11T20:46:25.9347823+05:00" testType="13cdc9d9-ddb5-4fa4-a97d-d965ccfc6d4b" outcome="Passed" testListId="8c84fa94-04c1-424b-9868-57a2d4851a1d" relativeResultsDirectory="5026e992-9948-442f-9082-7c2a5e0e46e8" />
    <UnitTestResult executionId="4df7ff82-e26d-4ee7-b164-b682cb4f3da1" testId="d0618c05-f6f5-2150-419e-5ec1cee5370d" testName="OetLearner.Api.Tests.AuthFlowsTests.AuthRequestContracts_SerializeAndDeserializeWithExpectedShape(sample: ResetPasswordRequest { Email = learner@example.com, ResetToken = reset-token, NewPassword = NewPassword123! }, expectedProperties: [&quot;email&quot;, &quot;resetToken&quot;, &quot;newPassword&quot;])" computerName="DESKTOP-CTTE8JM" duration="00:00:00.0000598" startTime="2026-04-11T20:47:50.7054811+05:00" endTime="2026-04-11T20:47:50.7054932+05:00" testType="13cdc9d9-ddb5-4fa4-a97d-d965ccfc6d4b" outcome="Passed" testListId="8c84fa94-04c1-424b-9868-57a2d4851a1d" relativeResultsDirectory="4df7ff82-e26d-4ee7-b164-b682cb4f3da1" />
    <UnitTestResult executionId="62cda40d-4ff5-4fb2-9e71-0c3a91b3cc35" testId="8d6797ca-5764-8b19-5858-9ddf9ebbaff0" testName="OetLearner.Api.Tests.AdminFlowsTests.AdminTaxonomy_ListReturnsSeededProfessions" computerName="DESKTOP-CTTE8JM" duration="00:00:00.1121159" startTime="2026-04-11T20:48:04.3172661+05:00" endTime="2026-04-11T20:48:04.4295486+05:00" testType="13cdc9d9-ddb5-4fa4-a97d-d965ccfc6d4b" outcome="Passed" testListId="8c84fa94-04c1-424b-9868-57a2d4851a1d" relativeResultsDirectory="62cda40d-4ff5-4fb2-9e71-0c3a91b3cc35" />
    <UnitTestResult executionId="88961fb9-9dc1-4016-8e3a-974389c3f814" testId="6dd82cbc-71c4-ff18-8d48-33b0b4caa1b7" testName="OetLearner.Api.Tests.ExpertFlowsTests.ExpertDashboard_UsesBearerToken_WhenDevelopmentAuthIsEnabled" computerName="DESKTOP-CTTE8JM" duration="00:00:02.3534580" startTime="2026-04-11T20:46:41.0443418+05:00" endTime="2026-04-11T20:46:43.3980100+05:00" testType="13cdc9d9-ddb5-4fa4-a97d-d965ccfc6d4b" outcome="Passed" testListId="8c84fa94-04c1-424b-9868-57a2d4851a1d" relativeResultsDirectory="88961fb9-9dc1-4016-8e3a-974389c3f814" />
    <UnitTestResult executionId="4e2c2fc1-fd94-4515-9d7d-58bb56915674" testId="ff2af011-c9d5-a2e3-0cf5-88d7b7ac92a1" testName="OetLearner.Api.Tests.LearnerSpecRegressionTests.WritingDraftPatch_RejectsStaleDraftVersion_WithStructuredConflict" computerName="DESKTOP-CTTE8JM" duration="00:00:00.0333304" startTime="2026-04-11T20:46:28.2706475+05:00" endTime="2026-04-11T20:46:28.3039261+05:00" testType="13cdc9d9-ddb5-4fa4-a97d-d965ccfc6d4b" outcome="Passed" testListId="8c84fa94-04c1-424b-9868-57a2d4851a1d" relativeResultsDirectory="4e2c2fc1-fd94-4515-9d7d-58bb56915674" />
    <UnitTestResult executionId="8917de00-2cf9-47ad-bf79-054b1365f048" testId="3efa7c17-2ad5-040a-f32b-c0fa05c51db5" testName="OetLearner.Api.Tests.AdminFlowsTests.AdminQualityAnalytics_ReturnsShape" computerName="DESKTOP-CTTE8JM" duration="00:00:00.1087662" startTime="2026-04-11T20:48:12.5906086+05:00" endTime="2026-04-11T20:48:12.6993051+05:00" testType="13cdc9d9-ddb5-4fa4-a97d-d965ccfc6d4b" outcome="Passed" testListId="8c84fa94-04c1-424b-9868-57a2d4851a1d" relativeResultsDirectory="8917de00-2cf9-47ad-bf79-054b1365f048" />
    <UnitTestResult executionId="9f2883fd-9c34-4c33-94ea-ce773d24ec34" testId="dc40310a-0c39-b371-030f-8efde2d16b7b" testName="OetLearner.Api.Tests.AnalyticsIngestionTests.AnalyticsEvents_ArePersistedForAuthenticatedUsers" computerName="DESKTOP-CTTE8JM" duration="00:00:00.0194242" startTime="2026-04-11T20:48:38.5955536+05:00" endTime="2026-04-11T20:48:38.6151401+05:00" testType="13cdc9d9-ddb5-4fa4-a97d-d965ccfc6d4b" outcome="Passed" testListId="8c84fa94-04c1-424b-9868-57a2d4851a1d" relativeResultsDirectory="9f2883fd-9c34-4c33-94ea-ce773d24ec34" />
    <UnitTestResult executionId="ce89b9dc-3b8e-42f1-b911-e444a0732cab" testId="a94b5972-d587-dc41-5053-a5e036b551c4" testName="OetLearner.Api.Tests.AdminFlowsTests.AdminDashboard_ReturnsOperationalSummary" computerName="DESKTOP-CTTE8JM" duration="00:00:00.1246352" startTime="2026-04-11T20:48:12.9314681+05:00" endTime="2026-04-11T20:48:13.0562701+05:00" testType="13cdc9d9-ddb5-4fa4-a97d-d965ccfc6d4b" outcome="Passed" testListId="8c84fa94-04c1-424b-9868-57a2d4851a1d" relativeResultsDirectory="ce89b9dc-3b8e-42f1-b911-e444a0732cab" />
    <UnitTestResult executionId="18ca69f2-36cc-48ea-ad39-ff76cab84051" testId="d0618c05-f6f5-2150-419e-5ec1cee5370d" testName="OetLearner.Api.Tests.AuthFlowsTests.AuthRequestContracts_SerializeAndDeserializeWithExpectedShape(sample: MfaChallengeRequest { Email = learner@example.com, Code = 123456, ChallengeToken = challenge-token, RecoveryCode =  }, expectedProperties: [&quot;email&quot;, &quot;code&quot;, &quot;challengeToken&quot;, &quot;recoveryCode&quot;])" computerName="DESKTOP-CTTE8JM" duration="00:00:00.0001437" startTime="2026-04-11T20:47:50.7050481+05:00" endTime="2026-04-11T20:47:50.7051861+05:00" testType="13cdc9d9-ddb5-4fa4-a97d-d965ccfc6d4b" outcome="Passed" testListId="8c84fa94-04c1-424b-9868-57a2d4851a1d" relativeResultsDirectory="18ca69f2-36cc-48ea-ad39-ff76cab84051" />
    <UnitTestResult executionId="4e1398ac-b15e-49bb-b88c-404f73558aa8" testId="1267e6c6-b2b6-f203-09cf-eb2c6dc46064" testName="OetLearner.Api.Tests.LearnerSurfaceContractTests.ObjectiveEvaluations_ExposeItemReviewClustersAndTranscriptAccess" computerName="DESKTOP-CTTE8JM" duration="00:00:02.0409133" startTime="2026-04-11T20:46:23.6248047+05:00" endTime="2026-04-11T20:46:25.6659415+05:00" testType="13cdc9d9-ddb5-4fa4-a97d-d965ccfc6d4b" outcome="Passed" testListId="8c84fa94-04c1-424b-9868-57a2d4851a1d" relativeResultsDirectory="4e1398ac-b15e-49bb-b88c-404f73558aa8" />
    <UnitTestResult executionId="0fd00e22-440f-4f12-8c2a-d3201bc4021f" testId="f8fc8fbf-89ec-ad17-8c52-d4c52279ef8e" testName="OetLearner.Api.Tests.ExpertFlowsTests.ExpertQueueFilterMetadata_ReturnsBackedFilterSets" computerName="DESKTOP-CTTE8JM" duration="00:00:00.0739359" startTime="2026-04-11T20:46:53.5767577+05:00" endTime="2026-04-11T20:46:53.6507705+05:00" testType="13cdc9d9-ddb5-4fa4-a97d-d965ccfc6d4b" outcome="Passed" testListId="8c84fa94-04c1-424b-9868-57a2d4851a1d" relativeResultsDirectory="0fd00e22-440f-4f12-8c2a-d3201bc4021f" />
    <UnitTestResult executionId="277194d3-4649-48d0-983b-d5186fc8b761" testId="189925f8-45fe-0a41-f1cc-6b315b6eb7a3" testName="OetLearner.Api.Tests.AuthFlowsTests.EmailOtpService_RequestEmailVerificationOtp_CreatesTimeLimitedChallengeAndSendsEmail" computerName="DESKTOP-CTTE8JM" duration="00:00:00.0051960" startTime="2026-04-11T20:47:59.2364091+05:00" endTime="2026-04-11T20:47:59.2415335+05:00" testType="13cdc9d9-ddb5-4fa4-a97d-d965ccfc6d4b" outcome="Passed" testListId="8c84fa94-04c1-424b-9868-57a2d4851a1d" relativeResultsDirectory="277194d3-4649-48d0-983b-d5186fc8b761" />
    <UnitTestResult executionId="add4f5d0-f2d0-4f17-a8a7-7504e619cf20" testId="5abb7b9d-8bac-119e-2cda-7e63b15c6cd2" testName="OetLearner.Api.Tests.AnalyticsIngestionTests.AnalyticsEvents_RejectBlankEventNames" computerName="DESKTOP-CTTE8JM" duration="00:00:02.6108674" startTime="2026-04-11T20:48:35.9843590+05:00" endTime="2026-04-11T20:48:38.5954713+05:00" testType="13cdc9d9-ddb5-4fa4-a97d-d965ccfc6d4b" outcome="Passed" testListId="8c84fa94-04c1-424b-9868-57a2d4851a1d" relativeResultsDirectory="add4f5d0-f2d0-4f17-a8a7-7504e619cf20" />
    <UnitTestResult executionId="4235ae80-4576-487d-b28f-8797fdb48334" testId="19dc6e5d-25d4-aad7-a729-6cbe581835b8" testName="OetLearner.Api.Tests.AuthFlowsTests.AuthEndpoints_SignIn_RejectsSuspendedLearnerAccounts" computerName="DESKTOP-CTTE8JM" duration="00:00:02.4025050" startTime="2026-04-11T20:47:08.1489848+05:00" endTime="2026-04-11T20:47:10.5516803+05:00" testType="13cdc9d9-ddb5-4fa4-a97d-d965ccfc6d4b" outcome="Passed" testListId="8c84fa94-04c1-424b-9868-57a2d4851a1d" relativeResultsDirectory="4235ae80-4576-487d-b28f-8797fdb48334" />
    <UnitTestResult executionId="5693164f-96eb-4c7a-a0c7-d08ccc5fd477" testId="4560218e-f853-54c3-000d-7f32c11ce435" testName="OetLearner.Api.Tests.AdminFlowsTests.AdminUsers_InviteAndTriggerPasswordReset" computerName="DESKTOP-CTTE8JM" duration="00:00:00.1622358" startTime="2026-04-11T20:48:04.7524109+05:00" endTime="2026-04-11T20:48:04.9147764+05:00" testType="13cdc9d9-ddb5-4fa4-a97d-d965ccfc6d4b" outcome="Passed" testListId="8c84fa94-04c1-424b-9868-57a2d4851a1d" relativeResultsDirectory="5693164f-96eb-4c7a-a0c7-d08ccc5fd477" />
    <UnitTestResult executionId="af050879-ecb5-4d52-8ebe-a9fc41f031be" testId="fba29502-c75e-8d73-1a0e-13761e28bee5" testName="OetLearner.Api.Tests.ProductionReadinessTests.App_FailsFastInProduction_WhenSmtpConfigIsMissing" computerName="DESKTOP-CTTE8JM" duration="00:00:00.0058154" startTime="2026-04-11T20:46:18.1782993+05:00" endTime="2026-04-11T20:46:18.1840123+05:00" testType="13cdc9d9-ddb5-4fa4-a97d-d965ccfc6d4b" outcome="Passed" testListId="8c84fa94-04c1-424b-9868-57a2d4851a1d" relativeResultsDirectory="af050879-ecb5-4d52-8ebe-a9fc41f031be" />
    <UnitTestResult executionId="5f21194f-f198-4a32-b7a7-f448ceb9a8bc" testId="9892e3e8-d292-194e-2572-4f709fd1f458" testName="OetLearner.Api.Tests.CriticalFlowsTests.ReviewRequest_IsIdempotent_ForDuplicateSubmission" computerName="DESKTOP-CTTE8JM" duration="00:00:00.2264386" startTime="2026-04-11T20:46:06.7150056+05:00" endTime="2026-04-11T20:46:06.9244945+05:00" testType="13cdc9d9-ddb5-4fa4-a97d-d965ccfc6d4b" outcome="Passed" testListId="8c84fa94-04c1-424b-9868-57a2d4851a1d" relativeResultsDirectory="5f21194f-f198-4a32-b7a7-f448ceb9a8bc" />
    <UnitTestResult executionId="911f3a40-5f2c-4eeb-bd0a-cc823c9c4431" testId="d0618c05-f6f5-2150-419e-5ec1cee5370d" testName="OetLearner.Api.Tests.AuthFlowsTests.AuthRequestContracts_SerializeAndDeserializeWithExpectedShape(sample: ConfirmAuthenticatorSetupRequest { Code = 123456 }, expectedProperties: [&quot;code&quot;])" computerName="DESKTOP-CTTE8JM" duration="00:00:00.0001224" startTime="2026-04-11T20:47:50.7049182+05:00" endTime="2026-04-11T20:47:50.7050358+05:00" testType="13cdc9d9-ddb5-4fa4-a97d-d965ccfc6d4b" outcome="Passed" testListId="8c84fa94-04c1-424b-9868-57a2d4851a1d" relativeResultsDirectory="911f3a40-5f2c-4eeb-bd0a-cc823c9c4431" />
    <UnitTestResult executionId="63025532-f3b9-4126-9e63-31fa9b5694ed" testId="672de081-763e-e664-f727-6e121392cbcd" testName="OetLearner.Api.Tests.AuthFlowsTests.SeedData_EnsureDemoData_CreatesUnifiedAuthAccountsForLearnerExpertAndAdmin" computerName="DESKTOP-CTTE8JM" duration="00:00:00.2736360" startTime="2026-04-11T20:47:14.9878419+05:00" endTime="2026-04-11T20:47:15.2611683+05:00" testType="13cdc9d9-ddb5-4fa4-a97d-d965ccfc6d4b" outcome="Passed" testListId="8c84fa94-04c1-424b-9868-57a2d4851a1d" relativeResultsDirectory="63025532-f3b9-4126-9e63-31fa9b5694ed" />
    <UnitTestResult executionId="be01d1b6-b453-431d-bf0b-959d4e081a08" testId="b87d75a2-7e89-9bd0-e3d7-ef3c5d2109a0" testName="OetLearner.Api.Tests.LearnerSurfaceContractTests.NewLearner_MockAndBillingSurfacesHydrateWithoutExistingData" computerName="DESKTOP-CTTE8JM" duration="00:00:00.0127099" startTime="2026-04-11T20:46:25.7698760+05:00" endTime="2026-04-11T20:46:25.7827904+05:00" testType="13cdc9d9-ddb5-4fa4-a97d-d965ccfc6d4b" outcome="Passed" testListId="8c84fa94-04c1-424b-9868-57a2d4851a1d" relativeResultsDirectory="be01d1b6-b453-431d-bf0b-959d4e081a08" />
    <UnitTestResult executionId="290f894f-2c73-49ef-9965-9d258bf841c5" testId="d0618c05-f6f5-2150-419e-5ec1cee5370d" testName="OetLearner.Api.Tests.AuthFlowsTests.AuthRequestContracts_SerializeAndDeserializeWithExpectedShape(sample: RefreshTokenRequest { RefreshToken = refresh-token-value }, expectedProperties: [&quot;refreshToken&quot;])" computerName="DESKTOP-CTTE8JM" duration="00:00:00.0001431" startTime="2026-04-11T20:47:50.7042023+05:00" endTime="2026-04-11T20:47:50.7043602+05:00" testType="13cdc9d9-ddb5-4fa4-a97d-d965ccfc6d4b" outcome="Passed" testListId="8c84fa94-04c1-424b-9868-57a2d4851a1d" relativeResultsDirectory="290f894f-2c73-49ef-9965-9d258bf841c5" />
    <UnitTestResult executionId="ddfeb31d-f2d4-4e81-9de4-b714fef72db2" testId="78932ae4-157d-8b9c-2805-f096f53a863d" testName="OetLearner.Api.Tests.ExpertFlowsTests.ExpertSpeakingAudio_ReturnsAudioStreamAfterClaim" computerName="DESKTOP-CTTE8JM" duration="00:00:02.2479887" startTime="2026-04-11T20:46:51.3284976+05:00" endTime="2026-04-11T20:46:53.5766374+05:00" testType="13cdc9d9-ddb5-4fa4-a97d-d965ccfc6d4b" outcome="Passed" testListId="8c84fa94-04c1-424b-9868-57a2d4851a1d" relativeResultsDirectory="ddfeb31d-f2d4-4e81-9de4-b714fef72db2" />
    <UnitTestResult executionId="647dcb18-31fc-4d2b-ad4d-d55a89ec31cf" testId="d0618c05-f6f5-2150-419e-5ec1cee5370d" testName="OetLearner.Api.Tests.AuthFlowsTests.AuthRequestContracts_SerializeAndDeserializeWithExpectedShape(sample: SendEmailOtpRequest { Email = learner@example.com, Purpose = verify_email }, expectedProperties: [&quot;email&quot;, &quot;purpose&quot;])" computerName="DESKTOP-CTTE8JM" duration="00:00:00.0001380" startTime="2026-04-11T20:47:50.7045013+05:00" endTime="2026-04-11T20:47:50.7046328+05:00" testType="13cdc9d9-ddb5-4fa4-a97d-d965ccfc6d4b" outcome="Passed" testListId="8c84fa94-04c1-424b-9868-57a2d4851a1d" relativeResultsDirectory="647dcb18-31fc-4d2b-ad4d-d55a89ec31cf" />
    <UnitTestResult executionId="c9a086f8-e42f-4a64-a07c-d6bef5c51cb3" testId="33bf7b30-c8da-41af-46f2-31f9b2a47c56" testName="OetLearner.Api.Tests.AdminFlowsTests.AdminFlags_ListReturnsSeeded" computerName="DESKTOP-CTTE8JM" duration="00:00:00.0778327" startTime="2026-04-11T20:48:07.4904243+05:00" endTime="2026-04-11T20:48:07.5683951+05:00" testType="13cdc9d9-ddb5-4fa4-a97d-d965ccfc6d4b" outcome="Passed" testListId="8c84fa94-04c1-424b-9868-57a2d4851a1d" relativeResultsDirectory="c9a086f8-e42f-4a64-a07c-d6bef5c51cb3" />
    <UnitTestResult executionId="1d59ac29-eb82-421a-a2d8-23390e69d8a2" testId="cf296565-f657-be50-3945-768544fdad65" testName="OetLearner.Api.Tests.AdminFlowsTests.AdminContent_ListReturnsSeededItems_WithSeededJwtSignIn" computerName="DESKTOP-CTTE8JM" duration="00:00:02.3840374" startTime="2026-04-11T20:48:05.0043719+05:00" endTime="2026-04-11T20:48:07.3885426+05:00" testType="13cdc9d9-ddb5-4fa4-a97d-d965ccfc6d4b" outcome="Passed" testListId="8c84fa94-04c1-424b-9868-57a2d4851a1d" relativeResultsDirectory="1d59ac29-eb82-421a-a2d8-23390e69d8a2" />
    <UnitTestResult executionId="9c981956-b920-4195-af7e-3fb8c5ac4565" testId="1510e37e-84aa-1bc0-4450-3a8903eda312" testName="OetLearner.Api.Tests.AdminFlowsTests.AdminEndpoints_RejectNonAdminRole" computerName="DESKTOP-CTTE8JM" duration="00:00:02.3146983" startTime="2026-04-11T20:48:07.5684695+05:00" endTime="2026-04-11T20:48:09.8833099+05:00" testType="13cdc9d9-ddb5-4fa4-a97d-d965ccfc6d4b" outcome="Passed" testListId="8c84fa94-04c1-424b-9868-57a2d4851a1d" relativeResultsDirectory="9c981956-b920-4195-af7e-3fb8c5ac4565" />
    <UnitTestResult executionId="4a22ff72-8a04-4894-a050-4e6844276965" testId="53fb43b1-254d-1b5e-8069-c0f30301e59a" testName="OetLearner.Api.Tests.ExpertFlowsTests.UnrelatedExpertCannotViewLearnerProfile" computerName="DESKTOP-CTTE8JM" duration="00:00:02.1554138" startTime="2026-04-11T20:46:36.6122389+05:00" endTime="2026-04-11T20:46:38.7678465+05:00" testType="13cdc9d9-ddb5-4fa4-a97d-d965ccfc6d4b" outcome="Passed" testListId="8c84fa94-04c1-424b-9868-57a2d4851a1d" relativeResultsDirectory="4a22ff72-8a04-4894-a050-4e6844276965" />
    <UnitTestResult executionId="1bdaaa06-b3bd-4c48-8e75-3297e8f44faf" testId="d0436571-3f20-0961-4fe3-68e02bddd8b2" testName="OetLearner.Api.Tests.AuthFlowsTests.AuthEndpoints_ResetPassword_RejectsInvalidResetToken" computerName="DESKTOP-CTTE8JM" duration="00:00:02.4842890" startTime="2026-04-11T20:47:17.7458669+05:00" endTime="2026-04-11T20:47:20.2302740+05:00" testType="13cdc9d9-ddb5-4fa4-a97d-d965ccfc6d4b" outcome="Passed" testListId="8c84fa94-04c1-424b-9868-57a2d4851a1d" relativeResultsDirectory="1bdaaa06-b3bd-4c48-8e75-3297e8f44faf" />
    <UnitTestResult executionId="0d25cf22-3e69-4e9f-b9fb-2ec902287742" testId="571ba301-494c-0fa5-f740-7092c8d818d7" testName="OetLearner.Api.Tests.NotificationFlowsTests.ExpiredPushSubscription_IsDisabled_WhenDispatcherReturns410" computerName="DESKTOP-CTTE8JM" duration="00:00:03.1329973" startTime="2026-04-11T20:48:17.9649859+05:00" endTime="2026-04-11T20:48:21.0982677+05:00" testType="13cdc9d9-ddb5-4fa4-a97d-d965ccfc6d4b" outcome="Passed" testListId="8c84fa94-04c1-424b-9868-57a2d4851a1d" relativeResultsDirectory="0d25cf22-3e69-4e9f-b9fb-2ec902287742" />
    <UnitTestResult executionId="ec54b6e3-f51e-4fba-9314-39d5099c6779" testId="f8bceb8d-4c92-f19d-57b6-476127ed7a92" testName="OetLearner.Api.Tests.ExpertFlowsTests.ExpertWritingReviewBundle_RequiresClaimAndReturnsDetail" computerName="DESKTOP-CTTE8JM" duration="00:00:02.6946397" startTime="2026-04-11T20:46:43.3984721+05:00" endTime="2026-04-11T20:46:46.0929590+05:00" testType="13cdc9d9-ddb5-4fa4-a97d-d965ccfc6d4b" outcome="Passed" testListId="8c84fa94-04c1-424b-9868-57a2d4851a1d" relativeResultsDirectory="ec54b6e3-f51e-4fba-9314-39d5099c6779" />
    <UnitTestResult executionId="9e6df1c4-c268-4836-85cc-827cab1d732d" testId="c4df2498-38a8-84cd-eff6-a6b0bce64928" testName="OetLearner.Api.Tests.ExpertFlowsTests.ExpertMetrics_ReturnsMetricsObject" computerName="DESKTOP-CTTE8JM" duration="00:00:00.1003276" startTime="2026-04-11T20:46:59.1134897+05:00" endTime="2026-04-11T20:46:59.2139746+05:00" testType="13cdc9d9-ddb5-4fa4-a97d-d965ccfc6d4b" outcome="Passed" testListId="8c84fa94-04c1-424b-9868-57a2d4851a1d" relativeResultsDirectory="9e6df1c4-c268-4836-85cc-827cab1d732d" />
    <UnitTestResult executionId="136423be-1dbb-4b7f-832e-9975ddbb0a5b" testId="f9322525-e3c0-8873-e292-627c30f866ec" testName="OetLearner.Api.Tests.AdminFlowsTests.AdminUsers_DeleteAndRestoreLearnerAccount" computerName="DESKTOP-CTTE8JM" duration="00:00:00.2027644" startTime="2026-04-11T20:48:04.4296611+05:00" endTime="2026-04-11T20:48:04.6326417+05:00" testType="13cdc9d9-ddb5-4fa4-a97d-d965ccfc6d4b" outcome="Passed" testListId="8c84fa94-04c1-424b-9868-57a2d4851a1d" relativeResultsDirectory="136423be-1dbb-4b7f-832e-9975ddbb0a5b" />
    <UnitTestResult executionId="ae66cd70-5f12-4dd3-b31a-12b1b8927b54" testId="4da2a5c3-0f6b-00a9-7a07-e29d6f1ebd25" testName="OetLearner.Api.Tests.ExpertFlowsTests.ExpertCanClaimAndReleaseReview" computerName="DESKTOP-CTTE8JM" duration="00:00:02.1976185" startTime="2026-04-11T20:46:38.7679773+05:00" endTime="2026-04-11T20:46:40.9657665+05:00" testType="13cdc9d9-ddb5-4fa4-a97d-d965ccfc6d4b" outcome="Passed" testListId="8c84fa94-04c1-424b-9868-57a2d4851a1d" relativeResultsDirectory="ae66cd70-5f12-4dd3-b31a-12b1b8927b54" />
    <UnitTestResult executionId="9b08d008-803a-41da-96db-ac653cf27b54" testId="2a71188e-3042-7fe9-e39b-897931527dcb" testName="OetLearner.Api.Tests.LearnerSurfaceContractTests.ReadingAndListeningHomes_ExposeGroupedCollections" computerName="DESKTOP-CTTE8JM" duration="00:00:00.0145181" startTime="2026-04-11T20:46:25.7829337+05:00" endTime="2026-04-11T20:46:25.7976012+05:00" testType="13cdc9d9-ddb5-4fa4-a97d-d965ccfc6d4b" outcome="Passed" testListId="8c84fa94-04c1-424b-9868-57a2d4851a1d" relativeResultsDirectory="9b08d008-803a-41da-96db-ac653cf27b54" />
    <UnitTestResult executionId="d150f9f6-4944-4629-9f3e-727b37f7cb48" testId="7d3c4237-fb21-c6e4-ddec-54b1b4c05ca1" testName="OetLearner.Api.Tests.AuthFlowsTests.AuthEndpoints_DeletedBearerTokens_AreRejectedAtJwtValidation" computerName="DESKTOP-CTTE8JM" duration="00:00:02.2340688" startTime="2026-04-11T20:47:22.8758281+05:00" endTime="2026-04-11T20:47:25.1100169+05:00" testType="13cdc9d9-ddb5-4fa4-a97d-d965ccfc6d4b" outcome="Passed" testListId="8c84fa94-04c1-424b-9868-57a2d4851a1d" relativeResultsDirectory="d150f9f6-4944-4629-9f3e-727b37f7cb48" />
    <UnitTestResult executionId="f21a3cde-9709-4cce-8329-cad2b1e3c3f9" testId="e4e23d33-41c6-e2bd-335e-8b626ac45a02" testName="OetLearner.Api.Tests.CriticalFlowsTests.BootstrapEndpoint_ReturnsLearnerProfileAndReferences" computerName="DESKTOP-CTTE8JM" duration="00:00:05.4682802" startTime="2026-04-11T20:46:01.2154572+05:00" endTime="2026-04-11T20:46:06.6960524+05:00" testType="13cdc9d9-ddb5-4fa4-a97d-d965ccfc6d4b" outcome="Passed" testListId="8c84fa94-04c1-424b-9868-57a2d4851a1d" relativeResultsDirectory="f21a3cde-9709-4cce-8329-cad2b1e3c3f9" />
    <UnitTestResult executionId="045269d1-e1b6-473e-a5c3-34e93970004d" testId="d34e37ec-46ec-303a-253f-5fdad9bfed34" testName="OetLearner.Api.Tests.ReviewClaimConcurrencyTests.ReviewRequest_State_IsConfiguredAsConcurrencyToken" computerName="DESKTOP-CTTE8JM" duration="00:00:00.0008635" startTime="2026-04-11T20:48:17.9583921+05:00" endTime="2026-04-11T20:48:17.9591303+05:00" testType="13cdc9d9-ddb5-4fa4-a97d-d965ccfc6d4b" outcome="Passed" testListId="8c84fa94-04c1-424b-9868-57a2d4851a1d" relativeResultsDirectory="045269d1-e1b6-473e-a5c3-34e93970004d" />
    <UnitTestResult executionId="05357cd8-1191-42ab-a8ff-0cf03494672f" testId="d9ae1e7e-f600-c45d-4632-495b39e757bd" testName="OetLearner.Api.Tests.LearnerSurfaceContractTests.MockCenter_ExposesEntitlementsReportsAndRecommendation" computerName="DESKTOP-CTTE8JM" duration="00:00:00.0297303" startTime="2026-04-11T20:46:25.6660633+05:00" endTime="2026-04-11T20:46:25.7000492+05:00" testType="13cdc9d9-ddb5-4fa4-a97d-d965ccfc6d4b" outcome="Passed" testListId="8c84fa94-04c1-424b-9868-57a2d4851a1d" relativeResultsDirectory="05357cd8-1191-42ab-a8ff-0cf03494672f" />
    <UnitTestResult executionId="f7bffcd8-17a4-4f4a-8fa3-b706866fa329" testId="e393a91f-8cdb-f2d4-9d62-72f17e44d1a1" testName="OetLearner.Api.Tests.NotificationFlowsTests.QuietHoursPreference_DefersPushIntoQueuedFanoutJob" computerName="DESKTOP-CTTE8JM" duration="00:00:02.8028543" startTime="2026-04-11T20:48:29.5281747+05:00" endTime="2026-04-11T20:48:32.3311162+05:00" testType="13cdc9d9-ddb5-4fa4-a97d-d965ccfc6d4b" outcome="Passed" testListId="8c84fa94-04c1-424b-9868-57a2d4851a1d" relativeResultsDirectory="f7bffcd8-17a4-4f4a-8fa3-b706866fa329" />
    <UnitTestResult executionId="f3263d3c-38d3-49cf-a747-aed039f958ed" testId="6572e2b0-457d-0b48-3d9f-af28e60090c5" testName="OetLearner.Api.Tests.ExpertFlowsTests.ExpertDashboard_RemainsQueryable_WhenSqliteBacksDesktopRuntime" computerName="DESKTOP-CTTE8JM" duration="00:00:05.1511405" startTime="2026-04-11T20:46:46.0933569+05:00" endTime="2026-04-11T20:46:51.2444931+05:00" testType="13cdc9d9-ddb5-4fa4-a97d-d965ccfc6d4b" outcome="Passed" testListId="8c84fa94-04c1-424b-9868-57a2d4851a1d" relativeResultsDirectory="f3263d3c-38d3-49cf-a747-aed039f958ed" />
    <UnitTestResult executionId="ea24afe7-ed71-4d16-8a73-5e176dda2375" testId="f5c32bdf-c615-1aa6-c572-46443b4b9c84" testName="OetLearner.Api.Tests.LearnerSpecRegressionTests.CompletedEvaluation_RegeneratesTheStudyPlan" computerName="DESKTOP-CTTE8JM" duration="00:00:04.0615027" startTime="2026-04-11T20:46:32.5165917+05:00" endTime="2026-04-11T20:46:36.5783314+05:00" testType="13cdc9d9-ddb5-4fa4-a97d-d965ccfc6d4b" outcome="Passed" testListId="8c84fa94-04c1-424b-9868-57a2d4851a1d" relativeResultsDirectory="ea24afe7-ed71-4d16-8a73-5e176dda2375" />
    <UnitTestResult executionId="2b6e9f0b-79a7-4f5c-80c8-d81d5a92057c" testId="ebb59add-f6c2-6a81-179d-807a7f288d37" testName="OetLearner.Api.Tests.WalletConcurrencyTests.Wallet_LastUpdatedAt_IsConfiguredAsConcurrencyToken" computerName="DESKTOP-CTTE8JM" duration="00:00:00.0008140" startTime="2026-04-11T20:48:17.1488672+05:00" endTime="2026-04-11T20:48:17.1495583+05:00" testType="13cdc9d9-ddb5-4fa4-a97d-d965ccfc6d4b" outcome="Passed" testListId="8c84fa94-04c1-424b-9868-57a2d4851a1d" relativeResultsDirectory="2b6e9f0b-79a7-4f5c-80c8-d81d5a92057c" />
    <UnitTestResult executionId="1a03b29b-d6c1-4ff1-aa16-8f80aeb9ba0b" testId="d0618c05-f6f5-2150-419e-5ec1cee5370d" testName="OetLearner.Api.Tests.AuthFlowsTests.AuthRequestContracts_SerializeAndDeserializeWithExpectedShape(sample: RegisterRequest { Email = learner@example.com, Password = Password123!, Role = learner, DisplayName = Learner One, FirstName = Learner, LastName = One, MobileNumber = +923001234567, ExamTypeId = oet, ProfessionId = nursing, SessionId = session-oet-nursing-apr, CountryTarget = Australia, AgreeToTerms = True, AgreeToPrivacy = True, MarketingOptIn = True, ExternalRegistrationToken =  }, expectedProperties: [&quot;email&quot;, &quot;password&quot;, &quot;role&quot;, &quot;displayName&quot;, &quot;firstName&quot;, ···])" computerName="DESKTOP-CTTE8JM" duration="00:00:00.0009518" startTime="2026-04-11T20:47:50.7029893+05:00" endTime="2026-04-11T20:47:50.7039566+05:00" testType="13cdc9d9-ddb5-4fa4-a97d-d965ccfc6d4b" outcome="Passed" testListId="8c84fa94-04c1-424b-9868-57a2d4851a1d" relativeResultsDirectory="1a03b29b-d6c1-4ff1-aa16-8f80aeb9ba0b" />
    <UnitTestResult executionId="e494b94b-06be-4733-925b-71503e515758" testId="dbaa2653-e277-e733-496e-5ebbb4981209" testName="OetLearner.Api.Tests.ExpertFlowsTests.ExpertSchedule_GetAndSave" computerName="DESKTOP-CTTE8JM" duration="00:00:00.0936386" startTime="2026-04-11T20:46:56.3113688+05:00" endTime="2026-04-11T20:46:56.4053670+05:00" testType="13cdc9d9-ddb5-4fa4-a97d-d965ccfc6d4b" outcome="Passed" testListId="8c84fa94-04c1-424b-9868-57a2d4851a1d" relativeResultsDirectory="e494b94b-06be-4733-925b-71503e515758" />
    <UnitTestResult executionId="d7e8c1e7-c6ac-4e3c-9429-c6728ef0da32" testId="8d786bbe-3d03-2df2-a0b0-a9cf2347b8ca" testName="OetLearner.Api.Tests.AuthFlowsTests.AuthEndpoints_SuspendedRefreshTokens_AreRejected" computerName="DESKTOP-CTTE8JM" duration="00:00:03.2912043" startTime="2026-04-11T20:47:44.8252651+05:00" endTime="2026-04-11T20:47:48.1165946+05:00" testType="13cdc9d9-ddb5-4fa4-a97d-d965ccfc6d4b" outcome="Passed" testListId="8c84fa94-04c1-424b-9868-57a2d4851a1d" relativeResultsDirectory="d7e8c1e7-c6ac-4e3c-9429-c6728ef0da32" />
    <UnitTestResult executionId="d0b8be8d-0d09-4d8c-8104-7a596727ea77" testId="4d80edbf-57b0-35fd-d5f6-584309bf8c2b" testName="OetLearner.Api.Tests.AuthFlowsTests.AuthEndpoints_SignIn_BlocksPrivilegedAccountsUntilEmailVerified(role: &quot;expert&quot;)" computerName="DESKTOP-CTTE8JM" duration="00:00:02.7906615" startTime="2026-04-11T20:47:27.3897766+05:00" endTime="2026-04-11T20:47:30.1832305+05:00" testType="13cdc9d9-ddb5-4fa4-a97d-d965ccfc6d4b" outcome="Passed" testListId="8c84fa94-04c1-424b-9868-57a2d4851a1d" relativeResultsDirectory="d0b8be8d-0d09-4d8c-8104-7a596727ea77" />
    <UnitTestResult executionId="d506238f-aa5c-457a-8dc8-ace895f4219c" testId="e65e3108-b477-8abd-c3c4-d28d5bee9ac1" testName="OetLearner.Api.Tests.AuthFlowsTests.ExternalAuthService_Exchange_ReturnsSessionForLinkedLearner" computerName="DESKTOP-CTTE8JM" duration="00:00:00.0767837" startTime="2026-04-11T20:47:32.9863481+05:00" endTime="2026-04-11T20:47:33.0629134+05:00" testType="13cdc9d9-ddb5-4fa4-a97d-d965ccfc6d4b" outcome="Passed" testListId="8c84fa94-04c1-424b-9868-57a2d4851a1d" relativeResultsDirectory="d506238f-aa5c-457a-8dc8-ace895f4219c" />
    <UnitTestResult executionId="99e33a6d-4bb0-4fb2-ac8f-615381446d9c" testId="d0618c05-f6f5-2150-419e-5ec1cee5370d" testName="OetLearner.Api.Tests.AuthFlowsTests.AuthRequestContracts_SerializeAndDeserializeWithExpectedShape(sample: PasswordSignInRequest { Email = learner@example.com, Password = Password123!, RememberMe = True }, expectedProperties: [&quot;email&quot;, &quot;password&quot;, &quot;rememberMe&quot;])" computerName="DESKTOP-CTTE8JM" duration="00:00:00.0002522" startTime="2026-04-11T20:47:50.7039848+05:00" endTime="2026-04-11T20:47:50.7041897+05:00" testType="13cdc9d9-ddb5-4fa4-a97d-d965ccfc6d4b" outcome="Passed" testListId="8c84fa94-04c1-424b-9868-57a2d4851a1d" relativeResultsDirectory="99e33a6d-4bb0-4fb2-ac8f-615381446d9c" />
    <UnitTestResult executionId="a4556656-a224-4256-997b-48060b43d248" testId="72aedcfb-5fb0-392e-8f07-39ee578c345c" testName="OetLearner.Api.Tests.ExpertFlowsTests.ExpertDashboard_ReturnsOperationalSummary" computerName="DESKTOP-CTTE8JM" duration="00:00:00.0729420" startTime="2026-04-11T20:47:02.0108966+05:00" endTime="2026-04-11T20:47:02.0837577+05:00" testType="13cdc9d9-ddb5-4fa4-a97d-d965ccfc6d4b" outcome="Passed" testListId="8c84fa94-04c1-424b-9868-57a2d4851a1d" relativeResultsDirectory="a4556656-a224-4256-997b-48060b43d248" />
    <UnitTestResult executionId="6990901f-739e-4ec6-8257-5fccbbc53da4" testId="31f586d0-27c6-4209-1e0f-fff0bcb8908c" testName="OetLearner.Api.Tests.ProfileAccessGuardTests.LearnerService_GetMeAsync_DoesNotRecreateMissingProfile" computerName="DESKTOP-CTTE8JM" duration="00:00:00.0660509" startTime="2026-04-11T20:46:09.1576874+05:00" endTime="2026-04-11T20:46:09.2240843+05:00" testType="13cdc9d9-ddb5-4fa4-a97d-d965ccfc6d4b" outcome="Passed" testListId="8c84fa94-04c1-424b-9868-57a2d4851a1d" relativeResultsDirectory="6990901f-739e-4ec6-8257-5fccbbc53da4" />
    <UnitTestResult executionId="1a14909c-e993-4f60-9c29-7b7387d74b67" testId="0b3cf28b-ad8a-d2c1-9421-d8fb96a0b756" testName="OetLearner.Api.Tests.LearnerSpecRegressionTests.BillingPlansAndListeningDrills_ExposeLearnerContracts" computerName="DESKTOP-CTTE8JM" duration="00:00:02.3345219" startTime="2026-04-11T20:46:25.9355636+05:00" endTime="2026-04-11T20:46:28.2703537+05:00" testType="13cdc9d9-ddb5-4fa4-a97d-d965ccfc6d4b" outcome="Passed" testListId="8c84fa94-04c1-424b-9868-57a2d4851a1d" relativeResultsDirectory="1a14909c-e993-4f60-9c29-7b7387d74b67" />
    <UnitTestResult executionId="be40db3a-1886-48d1-903d-bc7d5f523f09" testId="5d5fc87f-fe82-5d37-3ecf-6fa02e72cc29" testName="OetLearner.Api.Tests.LearnerSurfaceContractTests.SignupCatalog_ExposesBillingPlansForRegistration" computerName="DESKTOP-CTTE8JM" duration="00:00:00.0397451" startTime="2026-04-11T20:46:25.7977145+05:00" endTime="2026-04-11T20:46:25.8376284+05:00" testType="13cdc9d9-ddb5-4fa4-a97d-d965ccfc6d4b" outcome="Passed" testListId="8c84fa94-04c1-424b-9868-57a2d4851a1d" relativeResultsDirectory="be40db3a-1886-48d1-903d-bc7d5f523f09" />
    <UnitTestResult executionId="ec7258c6-735b-4d5f-ac23-5e7e0905c440" testId="4fecfb9e-b37c-7faa-1930-13f177f60ff6" testName="OetLearner.Api.Tests.AuthFlowsTests.AuthResponseContracts_SerializeAndDeserializeWithExpectedShape(sample: OtpChallengeResponse { ChallengeId = otp-challenge-001, Purpose = verify_email, DeliveryChannel = email, DestinationHint = l*****@example.com, ExpiresAt = 3/27/2026 12:55:00 PM +00:00, RetryAfterSeconds = 60 }, expectedProperties: [&quot;challengeId&quot;, &quot;purpose&quot;, &quot;deliveryChannel&quot;, &quot;destinationHint&quot;, &quot;expiresAt&quot;, ···])" computerName="DESKTOP-CTTE8JM" duration="00:00:00.0001812" startTime="2026-04-11T20:47:44.8006652+05:00" endTime="2026-04-11T20:47:44.8008046+05:00" testType="13cdc9d9-ddb5-4fa4-a97d-d965ccfc6d4b" outcome="Passed" testListId="8c84fa94-04c1-424b-9868-57a2d4851a1d" relativeResultsDirectory="ec7258c6-735b-4d5f-ac23-5e7e0905c440" />
    <UnitTestResult executionId="e344d266-d9b0-4622-b686-cbbfb2d3d107" testId="83389f87-6e48-0887-5618-e7734aba4f68" testName="OetLearner.Api.Tests.ProductionReadinessTests.App_FailsFastInProduction_WhenTokenExpiriesAreMissing" computerName="DESKTOP-CTTE8JM" duration="00:00:00.0030363" startTime="2026-04-11T20:46:23.6190254+05:00" endTime="2026-04-11T20:46:23.6216776+05:00" testType="13cdc9d9-ddb5-4fa4-a97d-d965ccfc6d4b" outcome="Passed" testListId="8c84fa94-04c1-424b-9868-57a2d4851a1d" relativeResultsDirectory="e344d266-d9b0-4622-b686-cbbfb2d3d107" />
    <UnitTestResult executionId="59546c76-0ffd-493a-9dea-16342db13f21" testId="23e873e0-eec6-c19a-2d95-25adc3a52b6b" testName="OetLearner.Api.Tests.NotificationSignalRTests.SignalRHub_RoutesNotifications_ToMatchingAuthAccountGroupOnly" computerName="DESKTOP-CTTE8JM" duration="00:00:03.6573288" startTime="2026-04-11T20:48:13.4909196+05:00" endTime="2026-04-11T20:48:17.1484890+05:00" testType="13cdc9d9-ddb5-4fa4-a97d-d965ccfc6d4b" outcome="Passed" testListId="8c84fa94-04c1-424b-9868-57a2d4851a1d" relativeResultsDirectory="59546c76-0ffd-493a-9dea-16342db13f21" />
    <UnitTestResult executionId="d33d3ca1-b8f7-40c9-afcc-cf4706f8eb64" testId="bd682084-1113-7373-f848-bdef2f2bd908" testName="OetLearner.Api.Tests.LifecycleConcurrencyTests.ExpertUser_IsActive_IsConfiguredAsConcurrencyToken" computerName="DESKTOP-CTTE8JM" duration="00:00:00.0003479" startTime="2026-04-11T20:48:35.8488526+05:00" endTime="2026-04-11T20:48:35.8490721+05:00" testType="13cdc9d9-ddb5-4fa4-a97d-d965ccfc6d4b" outcome="Passed" testListId="8c84fa94-04c1-424b-9868-57a2d4851a1d" relativeResultsDirectory="d33d3ca1-b8f7-40c9-afcc-cf4706f8eb64" />
    <UnitTestResult executionId="35a237e7-fd2b-406d-88e4-e21e1e87695f" testId="4fecfb9e-b37c-7faa-1930-13f177f60ff6" testName="OetLearner.Api.Tests.AuthFlowsTests.AuthResponseContracts_SerializeAndDeserializeWithExpectedShape(sample: CurrentUserResponse { UserId = auth_learner_001, Email = learner@example.com, Role = learner, DisplayName = Learner One, IsEmailVerified = True, IsAuthenticatorEnabled = True, RequiresEmailVerification = False, RequiresMfa = False, EmailVerifiedAt = 3/27/2026 12:30:00 PM +00:00, AuthenticatorEnabledAt = 3/27/2026 1:00:00 PM +00:00 }, expectedProperties: [&quot;userId&quot;, &quot;email&quot;, &quot;role&quot;, &quot;displayName&quot;, &quot;isEmailVerified&quot;, ···])" computerName="DESKTOP-CTTE8JM" duration="00:00:00.0096135" startTime="2026-04-11T20:47:44.7895304+05:00" endTime="2026-04-11T20:47:44.7992427+05:00" testType="13cdc9d9-ddb5-4fa4-a97d-d965ccfc6d4b" outcome="Passed" testListId="8c84fa94-04c1-424b-9868-57a2d4851a1d" relativeResultsDirectory="35a237e7-fd2b-406d-88e4-e21e1e87695f" />
    <UnitTestResult executionId="7b67ee71-3f54-47ba-b792-8617166440af" testId="efddbf14-5623-9102-c93a-f23412219af0" testName="OetLearner.Api.Tests.AuthFlowsTests.AuthEndpoints_SuspendedBearerTokens_AreRejectedAtJwtValidation" computerName="DESKTOP-CTTE8JM" duration="00:00:02.6910399" startTime="2026-04-11T20:47:59.2438936+05:00" endTime="2026-04-11T20:48:01.9351699+05:00" testType="13cdc9d9-ddb5-4fa4-a97d-d965ccfc6d4b" outcome="Passed" testListId="8c84fa94-04c1-424b-9868-57a2d4851a1d" relativeResultsDirectory="7b67ee71-3f54-47ba-b792-8617166440af" />
    <UnitTestResult executionId="0da28ddc-ce90-42c6-80d8-00875b339fc2" testId="2633b73e-600c-22d4-1727-0b4f31ea8901" testName="OetLearner.Api.Tests.AdminFlowsTests.AdminFlags_CreateToggleUpdate" computerName="DESKTOP-CTTE8JM" duration="00:00:00.0818334" startTime="2026-04-11T20:48:13.2702647+05:00" endTime="2026-04-11T20:48:13.3523089+05:00" testType="13cdc9d9-ddb5-4fa4-a97d-d965ccfc6d4b" outcome="Passed" testListId="8c84fa94-04c1-424b-9868-57a2d4851a1d" relativeResultsDirectory="0da28ddc-ce90-42c6-80d8-00875b339fc2" />
    <UnitTestResult executionId="af6801f0-746d-465b-bcdc-4cda321ae742" testId="24ce45ca-971d-c03b-7c2c-cfdf0900e957" testName="OetLearner.Api.Tests.AdminFlowsTests.AdminUsers_ListAndDetail" computerName="DESKTOP-CTTE8JM" duration="00:00:00.0694949" startTime="2026-04-11T20:48:13.4199796+05:00" endTime="2026-04-11T20:48:13.4896170+05:00" testType="13cdc9d9-ddb5-4fa4-a97d-d965ccfc6d4b" outcome="Passed" testListId="8c84fa94-04c1-424b-9868-57a2d4851a1d" relativeResultsDirectory="af6801f0-746d-465b-bcdc-4cda321ae742" />
    <UnitTestResult executionId="03300c24-9b2c-4223-8a7c-a56c7584f92e" testId="5f778e9c-822f-d27e-f172-dd8913a18f84" testName="OetLearner.Api.Tests.ExpertFlowsTests.ExpertSubmitRejectsIncompleteRubric" computerName="DESKTOP-CTTE8JM" duration="00:00:02.7963347" startTime="2026-04-11T20:46:59.2141376+05:00" endTime="2026-04-11T20:47:02.0105776+05:00" testType="13cdc9d9-ddb5-4fa4-a97d-d965ccfc6d4b" outcome="Passed" testListId="8c84fa94-04c1-424b-9868-57a2d4851a1d" relativeResultsDirectory="03300c24-9b2c-4223-8a7c-a56c7584f92e" />
    <UnitTestResult executionId="2d8248c4-60d6-4d76-b62d-59849d642f57" testId="6860d65d-4ab3-6d41-7598-6bf49cfbe7b1" testName="OetLearner.Api.Tests.AuthFlowsTests.AuthService_Refresh_RotatesRefreshTokenAndRevokesPreviousToken" computerName="DESKTOP-CTTE8JM" duration="00:00:00.1730448" startTime="2026-04-11T20:47:20.2389916+05:00" endTime="2026-04-11T20:47:20.4119013+05:00" testType="13cdc9d9-ddb5-4fa4-a97d-d965ccfc6d4b" outcome="Passed" testListId="8c84fa94-04c1-424b-9868-57a2d4851a1d" relativeResultsDirectory="2d8248c4-60d6-4d76-b62d-59849d642f57" />
    <UnitTestResult executionId="09053c59-e9b3-43da-8b48-16cbacb106e9" testId="4fecfb9e-b37c-7faa-1930-13f177f60ff6" testName="OetLearner.Api.Tests.AuthFlowsTests.AuthResponseContracts_SerializeAndDeserializeWithExpectedShape(sample: AuthenticatorSetupResponse { SecretKey = JBSWY3DPEHPK3PXP, OtpAuthUri = otpauth://totp/OET%20Learner:learner%40example.com?secret=JBSWY3DPEHPK3PXP&amp;issuer=OET%20Learner, QrCodeDataUrl = data:image/png;base64,AA==, RecoveryCodes = System.String[] }, expectedProperties: [&quot;secretKey&quot;, &quot;otpAuthUri&quot;, &quot;qrCodeDataUrl&quot;, &quot;recoveryCodes&quot;])" computerName="DESKTOP-CTTE8JM" duration="00:00:00.0001799" startTime="2026-04-11T20:47:44.8008371+05:00" endTime="2026-04-11T20:47:44.8009905+05:00" testType="13cdc9d9-ddb5-4fa4-a97d-d965ccfc6d4b" outcome="Passed" testListId="8c84fa94-04c1-424b-9868-57a2d4851a1d" relativeResultsDirectory="09053c59-e9b3-43da-8b48-16cbacb106e9" />
    <UnitTestResult executionId="550082dc-7d95-465b-a05e-bbb3568a3696" testId="a1e48274-b861-54b3-b11c-b3896cfb631f" testName="OetLearner.Api.Tests.LearnerSurfaceContractTests.SpeakingHome_ExposesRecommendationIssuesDrillsAttemptsAndCredits" computerName="DESKTOP-CTTE8JM" duration="00:00:00.0330818" startTime="2026-04-11T20:46:25.8377701+05:00" endTime="2026-04-11T20:46:25.8710785+05:00" testType="13cdc9d9-ddb5-4fa4-a97d-d965ccfc6d4b" outcome="Passed" testListId="8c84fa94-04c1-424b-9868-57a2d4851a1d" relativeResultsDirectory="550082dc-7d95-465b-a05e-bbb3568a3696" />
    <UnitTestResult executionId="ec049e72-6f85-42ea-899f-5033afa28387" testId="8d9fa431-f86c-dc21-ef75-1ea7f9a94ccb" testName="OetLearner.Api.Tests.AuthFlowsTests.AuthEndpoints_ForgotPasswordAndResetPassword_RotatesCredentialsAndRevokesSessions" computerName="DESKTOP-CTTE8JM" duration="00:00:02.4497442" startTime="2026-04-11T20:47:20.4258343+05:00" endTime="2026-04-11T20:47:22.8757085+05:00" testType="13cdc9d9-ddb5-4fa4-a97d-d965ccfc6d4b" outcome="Passed" testListId="8c84fa94-04c1-424b-9868-57a2d4851a1d" relativeResultsDirectory="ec049e72-6f85-42ea-899f-5033afa28387" />
    <UnitTestResult executionId="4ccd5d33-d2f6-499f-8ede-a50a4afa8741" testId="d8cc7678-0e00-953e-4ab0-db24be83a698" testName="OetLearner.Api.Tests.ProductionReadinessTests.App_BootsWithBrevoConfiguration_InProduction" computerName="DESKTOP-CTTE8JM" duration="00:00:03.5185983" startTime="2026-04-11T20:46:09.2796328+05:00" endTime="2026-04-11T20:46:12.7987867+05:00" testType="13cdc9d9-ddb5-4fa4-a97d-d965ccfc6d4b" outcome="Passed" testListId="8c84fa94-04c1-424b-9868-57a2d4851a1d" relativeResultsDirectory="4ccd5d33-d2f6-499f-8ede-a50a4afa8741" />
    <UnitTestResult executionId="71bcbab0-e38f-41f6-91ac-a0ac242a609d" testId="4e0bfdb6-9f5b-76fd-137b-ccbe4e9df201" testName="OetLearner.Api.Tests.ExpertFlowsTests.ExpertCalibrationCaseDetail_ReturnsBenchmarkWorkspaceData" computerName="DESKTOP-CTTE8JM" duration="00:00:00.1045933" startTime="2026-04-11T20:46:58.9273174+05:00" endTime="2026-04-11T20:46:59.0320128+05:00" testType="13cdc9d9-ddb5-4fa4-a97d-d965ccfc6d4b" outcome="Passed" testListId="8c84fa94-04c1-424b-9868-57a2d4851a1d" relativeResultsDirectory="71bcbab0-e38f-41f6-91ac-a0ac242a609d" />
    <UnitTestResult executionId="cff0264c-7abb-4593-958a-63c670d2bc83" testId="d0618c05-f6f5-2150-419e-5ec1cee5370d" testName="OetLearner.Api.Tests.AuthFlowsTests.AuthRequestContracts_SerializeAndDeserializeWithExpectedShape(sample: BeginAuthenticatorSetupRequest { }, expectedProperties: [])" computerName="DESKTOP-CTTE8JM" duration="00:00:00.0001256" startTime="2026-04-11T20:47:50.7047859+05:00" endTime="2026-04-11T20:47:50.7049070+05:00" testType="13cdc9d9-ddb5-4fa4-a97d-d965ccfc6d4b" outcome="Passed" testListId="8c84fa94-04c1-424b-9868-57a2d4851a1d" relativeResultsDirectory="cff0264c-7abb-4593-958a-63c670d2bc83" />
    <UnitTestResult executionId="a5ce14a9-cbc5-45ab-8735-7dbab3e7957d" testId="eea05bf4-8e92-5d4b-9b6a-9f6f47b061f2" testName="OetLearner.Api.Tests.AuthFlowsTests.EmailOtpService_RequestEmailVerificationOtp_KeepsExistingChallengeWhenDeliveryFails" computerName="DESKTOP-CTTE8JM" duration="00:00:00.0085009" startTime="2026-04-11T20:47:20.2305163+05:00" endTime="2026-04-11T20:47:20.2388504+05:00" testType="13cdc9d9-ddb5-4fa4-a97d-d965ccfc6d4b" outcome="Passed" testListId="8c84fa94-04c1-424b-9868-57a2d4851a1d" relativeResultsDirectory="a5ce14a9-cbc5-45ab-8735-7dbab3e7957d" />
    <UnitTestResult executionId="426337ae-0b86-4be2-bc34-9fff3f78b05f" testId="ca54ec0e-6eb4-8561-7f66-e9a02eef168a" testName="OetLearner.Api.Tests.AuthFlowsTests.AuthEndpoints_PrivilegedRoutes_RejectUnverifiedPrivilegedTokens(role: &quot;admin&quot;, route: &quot;/v1/admin/content&quot;)" computerName="DESKTOP-CTTE8JM" duration="00:00:02.3574981" startTime="2026-04-11T20:47:10.5524471+05:00" endTime="2026-04-11T20:47:12.9095122+05:00" testType="13cdc9d9-ddb5-4fa4-a97d-d965ccfc6d4b" outcome="Passed" testListId="8c84fa94-04c1-424b-9868-57a2d4851a1d" relativeResultsDirectory="426337ae-0b86-4be2-bc34-9fff3f78b05f" />
    <UnitTestResult executionId="0940051f-3530-44df-8a3f-66cbd69a8475" testId="a0a756b8-d5bd-eade-7266-1d79c11eece2" testName="OetLearner.Api.Tests.AdminFlowsTests.AdminCriteria_StatusIsPersistedAndFilterable" computerName="DESKTOP-CTTE8JM" duration="00:00:00.1015485" startTime="2026-04-11T20:48:07.3887620+05:00" endTime="2026-04-11T20:48:07.4903430+05:00" testType="13cdc9d9-ddb5-4fa4-a97d-d965ccfc6d4b" outcome="Passed" testListId="8c84fa94-04c1-424b-9868-57a2d4851a1d" relativeResultsDirectory="0940051f-3530-44df-8a3f-66cbd69a8475" />
    <UnitTestResult executionId="322b6aec-b3b9-4eab-b8af-b70e58dea3e8" testId="9a9a12a8-7635-aa60-9713-d5afecf22f6e" testName="OetLearner.Api.Tests.AuthFlowsTests.AuthService_RegisterLearner_WithExternalRegistrationToken_LinksExternalIdentityAndMarksEmailVerified" computerName="DESKTOP-CTTE8JM" duration="00:00:00.1008831" startTime="2026-04-11T20:47:48.1168597+05:00" endTime="2026-04-11T20:47:48.2174895+05:00" testType="13cdc9d9-ddb5-4fa4-a97d-d965ccfc6d4b" outcome="Passed" testListId="8c84fa94-04c1-424b-9868-57a2d4851a1d" relativeResultsDirectory="322b6aec-b3b9-4eab-b8af-b70e58dea3e8" />
    <UnitTestResult executionId="2289e208-9c05-41cb-a76e-13a8aa52db10" testId="0ce228d9-b08f-a499-ad77-4a8317f83d87" testName="OetLearner.Api.Tests.ExpertFlowsTests.ExpertCalibrationCases_ReturnsSeededCases" computerName="DESKTOP-CTTE8JM" duration="00:00:00.0924060" startTime="2026-04-11T20:46:56.2190552+05:00" endTime="2026-04-11T20:46:56.3112182+05:00" testType="13cdc9d9-ddb5-4fa4-a97d-d965ccfc6d4b" outcome="Passed" testListId="8c84fa94-04c1-424b-9868-57a2d4851a1d" relativeResultsDirectory="2289e208-9c05-41cb-a76e-13a8aa52db10" />
    <UnitTestResult executionId="cba28723-24a2-4eb4-86bd-6a1cb5dd48d4" testId="70091e15-a332-579b-8880-1e03eff176d4" testName="OetLearner.Api.Tests.AdminFlowsTests.AdminAuditLogs_ReturnsSeeded" computerName="DESKTOP-CTTE8JM" duration="00:00:00.0987666" startTime="2026-04-11T20:48:12.8324428+05:00" endTime="2026-04-11T20:48:12.9313519+05:00" testType="13cdc9d9-ddb5-4fa4-a97d-d965ccfc6d4b" outcome="Passed" testListId="8c84fa94-04c1-424b-9868-57a2d4851a1d" relativeResultsDirectory="cba28723-24a2-4eb4-86bd-6a1cb5dd48d4" />
    <UnitTestResult executionId="ca717fb8-ef86-4549-95c8-bd27a42f2ea2" testId="955df7dc-3533-6f60-e81e-13e72c30db0f" testName="OetLearner.Api.Tests.AuthFlowsTests.SeedData_EnsuresUnifiedAuthAccountsForLearnerExpertAndAdmin" computerName="DESKTOP-CTTE8JM" duration="00:00:01.1791064" startTime="2026-04-11T20:47:06.9698728+05:00" endTime="2026-04-11T20:47:08.1488464+05:00" testType="13cdc9d9-ddb5-4fa4-a97d-d965ccfc6d4b" outcome="Passed" testListId="8c84fa94-04c1-424b-9868-57a2d4851a1d" relativeResultsDirectory="ca717fb8-ef86-4549-95c8-bd27a42f2ea2" />
    <UnitTestResult executionId="dbb51970-43e2-4b26-8639-ea02f7175d87" testId="984f4dff-91df-ce56-2e66-e99043c4ece0" testName="OetLearner.Api.Tests.ExpertFlowsTests.ExpertSpeakingAudio_RequiresClaim" computerName="DESKTOP-CTTE8JM" duration="00:00:00.0836501" startTime="2026-04-11T20:46:51.2448315+05:00" endTime="2026-04-11T20:46:51.3283809+05:00" testType="13cdc9d9-ddb5-4fa4-a97d-d965ccfc6d4b" outcome="Passed" testListId="8c84fa94-04c1-424b-9868-57a2d4851a1d" relativeResultsDirectory="dbb51970-43e2-4b26-8639-ea02f7175d87" />
    <UnitTestResult executionId="8476dc59-d4d6-4a9a-a3eb-aba72aed3c7f" testId="e47e22f8-321f-d00b-bb27-372b4d6308e1" testName="OetLearner.Api.Tests.AuthFlowsTests.AuthEndpoints_BeginAndConfirmAuthenticatorSetup_EnableMfaForVerifiedExpert" computerName="DESKTOP-CTTE8JM" duration="00:00:02.6167217" startTime="2026-04-11T20:47:56.4816274+05:00" endTime="2026-04-11T20:47:59.0985686+05:00" testType="13cdc9d9-ddb5-4fa4-a97d-d965ccfc6d4b" outcome="Passed" testListId="8c84fa94-04c1-424b-9868-57a2d4851a1d" relativeResultsDirectory="8476dc59-d4d6-4a9a-a3eb-aba72aed3c7f" />
    <UnitTestResult executionId="22e0f7c6-7fc2-4360-883a-f33478be884d" testId="4102a9c7-6ee9-4c6f-8206-28e9a3db0513" testName="OetLearner.Api.Tests.AuthFlowsTests.AuthEndpoints_SignIn_RejectsDeletedLearnerAccounts" computerName="DESKTOP-CTTE8JM" duration="00:00:02.6186034" startTime="2026-04-11T20:47:50.7055360+05:00" endTime="2026-04-11T20:47:53.3242027+05:00" testType="13cdc9d9-ddb5-4fa4-a97d-d965ccfc6d4b" outcome="Passed" testListId="8c84fa94-04c1-424b-9868-57a2d4851a1d" relativeResultsDirectory="22e0f7c6-7fc2-4360-883a-f33478be884d" />
    <UnitTestResult executionId="fe3c709d-9756-42fb-98bf-ed58c56fcd65" testId="aa3df057-2bcf-565d-45fa-61d4a4768d43" testName="OetLearner.Api.Tests.LearnerSurfaceContractTests.WritingHome_ExposesRecommendationDrillsHistoryCreditsAndMockEntry" computerName="DESKTOP-CTTE8JM" duration="00:00:00.0694395" startTime="2026-04-11T20:46:25.7002287+05:00" endTime="2026-04-11T20:46:25.7697558+05:00" testType="13cdc9d9-ddb5-4fa4-a97d-d965ccfc6d4b" outcome="Passed" testListId="8c84fa94-04c1-424b-9868-57a2d4851a1d" relativeResultsDirectory="fe3c709d-9756-42fb-98bf-ed58c56fcd65" />
    <UnitTestResult executionId="5a97adf6-ff60-4c21-90d7-45fcf97f562c" testId="80ef36e6-e733-8da5-b640-52065026b097" testName="OetLearner.Api.Tests.ExpertFlowsTests.ExpertMe_ReturnsExpertProfile_WithSeededJwtSignIn" computerName="DESKTOP-CTTE8JM" duration="00:00:02.2887596" startTime="2026-04-11T20:46:56.6383153+05:00" endTime="2026-04-11T20:46:58.9271516+05:00" testType="13cdc9d9-ddb5-4fa4-a97d-d965ccfc6d4b" outcome="Passed" testListId="8c84fa94-04c1-424b-9868-57a2d4851a1d" relativeResultsDirectory="5a97adf6-ff60-4c21-90d7-45fcf97f562c" />
    <UnitTestResult executionId="dd7224ab-b2a0-4fab-8eca-a4ab001add5b" testId="31f44a4e-180d-af19-2235-4d884326070a" testName="OetLearner.Api.Tests.CriticalFlowsTests.WritingSubmission_QueuesAndCompletesEvaluation" computerName="DESKTOP-CTTE8JM" duration="00:00:02.1397471" startTime="2026-04-11T20:46:07.0062905+05:00" endTime="2026-04-11T20:46:09.1462534+05:00" testType="13cdc9d9-ddb5-4fa4-a97d-d965ccfc6d4b" outcome="Passed" testListId="8c84fa94-04c1-424b-9868-57a2d4851a1d" relativeResultsDirectory="dd7224ab-b2a0-4fab-8eca-a4ab001add5b" />
    <UnitTestResult executionId="81bb5caf-aa1b-4e67-bba2-f638940560ac" testId="92091357-cc64-14d6-8f75-997e2c5632b2" testName="OetLearner.Api.Tests.NotificationFlowsTests.DailyDigestProofDispatch_SendsDigestEmail_AndRecordsDelivery" computerName="DESKTOP-CTTE8JM" duration="00:00:02.4857172" startTime="2026-04-11T20:48:21.0984507+05:00" endTime="2026-04-11T20:48:23.5842427+05:00" testType="13cdc9d9-ddb5-4fa4-a97d-d965ccfc6d4b" outcome="Passed" testListId="8c84fa94-04c1-424b-9868-57a2d4851a1d" relativeResultsDirectory="81bb5caf-aa1b-4e67-bba2-f638940560ac" />
    <UnitTestResult executionId="3fae3d2c-4f66-4126-a9fb-a94a49c8c1e5" testId="d8445ab9-595a-cc2a-976d-c2caa393cfa2" testName="OetLearner.Api.Tests.LearnerSpecRegressionTests.LearnerOwnedAttempt_CannotBeFetchedByAnotherUser" computerName="DESKTOP-CTTE8JM" duration="00:00:00.0072172" startTime="2026-04-11T20:46:36.5786875+05:00" endTime="2026-04-11T20:46:36.5858209+05:00" testType="13cdc9d9-ddb5-4fa4-a97d-d965ccfc6d4b" outcome="Passed" testListId="8c84fa94-04c1-424b-9868-57a2d4851a1d" relativeResultsDirectory="3fae3d2c-4f66-4126-a9fb-a94a49c8c1e5" />
    <UnitTestResult executionId="a9ee5fe6-6e40-402d-8afa-295298bf7f93" testId="5e86331f-ef76-8c21-55a4-1f9f45af16e9" testName="OetLearner.Api.Tests.NotificationFlowsTests.ProofTrigger_CreatesInboxItems_AndSupportsReadFlows" computerName="DESKTOP-CTTE8JM" duration="00:00:03.0999602" startTime="2026-04-11T20:48:23.5845336+05:00" endTime="2026-04-11T20:48:26.6844577+05:00" testType="13cdc9d9-ddb5-4fa4-a97d-d965ccfc6d4b" outcome="Passed" testListId="8c84fa94-04c1-424b-9868-57a2d4851a1d" relativeResultsDirectory="a9ee5fe6-6e40-402d-8afa-295298bf7f93" />
    <UnitTestResult executionId="dfaad8ea-38af-487b-92fa-692931bd1597" testId="d0e190d0-0388-48b6-9b8f-dd8aec29115f" testName="OetLearner.Api.Tests.WalletConcurrencyTests.Wallet_ConcurrentUpdates_ThrowConcurrencyException" computerName="DESKTOP-CTTE8JM" duration="00:00:00.0114719" startTime="2026-04-11T20:48:17.1496082+05:00" endTime="2026-04-11T20:48:17.1612470+05:00" testType="13cdc9d9-ddb5-4fa4-a97d-d965ccfc6d4b" outcome="Passed" testListId="8c84fa94-04c1-424b-9868-57a2d4851a1d" relativeResultsDirectory="dfaad8ea-38af-487b-92fa-692931bd1597" />
    <UnitTestResult executionId="9c249b9a-6fb0-492c-b48c-3c26b9c3d897" testId="bbf07f73-2a59-d982-e32f-417afbba6a02" testName="OetLearner.Api.Tests.LifecycleConcurrencyTests.LearnerUser_StaleLifecycleWrite_ThrowsConcurrencyException" computerName="DESKTOP-CTTE8JM" duration="00:00:00.1348686" startTime="2026-04-11T20:48:35.8491076+05:00" endTime="2026-04-11T20:48:35.9840498+05:00" testType="13cdc9d9-ddb5-4fa4-a97d-d965ccfc6d4b" outcome="Passed" testListId="8c84fa94-04c1-424b-9868-57a2d4851a1d" relativeResultsDirectory="9c249b9a-6fb0-492c-b48c-3c26b9c3d897" />
    <UnitTestResult executionId="684a03dd-410e-41bd-ad44-db93e7d8f58f" testId="8e4a3196-9460-fcd9-7c28-4ee291892cc6" testName="OetLearner.Api.Tests.DevelopmentAuthHandlerTests.DevelopmentAuthHandler_AllowsDebugHeadersInDevelopment" computerName="DESKTOP-CTTE8JM" duration="00:00:00.0042774" startTime="2026-04-11T20:48:17.9594195+05:00" endTime="2026-04-11T20:48:17.9637421+05:00" testType="13cdc9d9-ddb5-4fa4-a97d-d965ccfc6d4b" outcome="Passed" testListId="8c84fa94-04c1-424b-9868-57a2d4851a1d" relativeResultsDirectory="684a03dd-410e-41bd-ad44-db93e7d8f58f" />
    <UnitTestResult executionId="c1c74be9-2254-46ce-abb2-e255aa737882" testId="ff64b67b-19ae-7edb-a277-ba6376dd3b45" testName="OetLearner.Api.Tests.ProductionReadinessTests.CheckoutSession_UsesHostedProviderCheckoutUrl" computerName="DESKTOP-CTTE8JM" duration="00:00:03.0482357" startTime="2026-04-11T20:46:12.7994601+05:00" endTime="2026-04-11T20:46:15.8474585+05:00" testType="13cdc9d9-ddb5-4fa4-a97d-d965ccfc6d4b" outcome="Passed" testListId="8c84fa94-04c1-424b-9868-57a2d4851a1d" relativeResultsDirectory="c1c74be9-2254-46ce-abb2-e255aa737882" />
    <UnitTestResult executionId="1838b803-eb9e-4122-8dad-e6bcf749e5b2" testId="d0618c05-f6f5-2150-419e-5ec1cee5370d" testName="OetLearner.Api.Tests.AuthFlowsTests.AuthRequestContracts_SerializeAndDeserializeWithExpectedShape(sample: ForgotPasswordRequest { Email = learner@example.com }, expectedProperties: [&quot;email&quot;])" computerName="DESKTOP-CTTE8JM" duration="00:00:00.0000641" startTime="2026-04-11T20:47:50.7054522+05:00" endTime="2026-04-11T20:47:50.7054674+05:00" testType="13cdc9d9-ddb5-4fa4-a97d-d965ccfc6d4b" outcome="Passed" testListId="8c84fa94-04c1-424b-9868-57a2d4851a1d" relativeResultsDirectory="1838b803-eb9e-4122-8dad-e6bcf749e5b2" />
    <UnitTestResult executionId="fa08ef71-8e3e-4168-837b-d45608791196" testId="81c5cc97-ca2c-ca71-c805-3fcfe3a3078d" testName="OetLearner.Api.Tests.AuthFlowsTests.AuthEndpoints_VerifyEmailOtp_MarksEmailVerified" computerName="DESKTOP-CTTE8JM" duration="00:00:02.2655925" startTime="2026-04-11T20:47:25.1143210+05:00" endTime="2026-04-11T20:47:27.3800668+05:00" testType="13cdc9d9-ddb5-4fa4-a97d-d965ccfc6d4b" outcome="Passed" testListId="8c84fa94-04c1-424b-9868-57a2d4851a1d" relativeResultsDirectory="fa08ef71-8e3e-4168-837b-d45608791196" />
    <UnitTestResult executionId="2b785ee1-9ea3-4e37-9a33-48fe4f745906" testId="5b2d3b8e-146b-3870-0ec0-57deb7fdfb4e" testName="OetLearner.Api.Tests.AuthFlowsTests.AuthEndpoints_SignIn_BlocksPrivilegedAccountsUntilEmailVerified(role: &quot;admin&quot;)" computerName="DESKTOP-CTTE8JM" duration="00:00:02.8026142" startTime="2026-04-11T20:47:30.1836602+05:00" endTime="2026-04-11T20:47:32.9861177+05:00" testType="13cdc9d9-ddb5-4fa4-a97d-d965ccfc6d4b" outcome="Passed" testListId="8c84fa94-04c1-424b-9868-57a2d4851a1d" relativeResultsDirectory="2b785ee1-9ea3-4e37-9a33-48fe4f745906" />
    <UnitTestResult executionId="3470edf8-8122-44f7-892d-98c7f2b41fe1" testId="a5e09bdf-ef2a-eafc-6b15-135a7bb04276" testName="OetLearner.Api.Tests.ExpertFlowsTests.ExpertReviewHistory_ReturnsTimelineForAssignedReview" computerName="DESKTOP-CTTE8JM" duration="00:00:02.3750233" startTime="2026-04-11T20:47:02.0838801+05:00" endTime="2026-04-11T20:47:04.4590629+05:00" testType="13cdc9d9-ddb5-4fa4-a97d-d965ccfc6d4b" outcome="Passed" testListId="8c84fa94-04c1-424b-9868-57a2d4851a1d" relativeResultsDirectory="3470edf8-8122-44f7-892d-98c7f2b41fe1" />
    <UnitTestResult executionId="2e4eec56-4f3f-4326-8f12-1caa9f174cd4" testId="8ca71188-744b-debd-c57d-8a0d444b6000" testName="OetLearner.Api.Tests.AdminFlowsTests.AdminAIConfig_ListReturnsSeeded" computerName="DESKTOP-CTTE8JM" duration="00:00:00.0731908" startTime="2026-04-11T20:48:13.0563660+05:00" endTime="2026-04-11T20:48:13.1296463+05:00" testType="13cdc9d9-ddb5-4fa4-a97d-d965ccfc6d4b" outcome="Passed" testListId="8c84fa94-04c1-424b-9868-57a2d4851a1d" relativeResultsDirectory="2e4eec56-4f3f-4326-8f12-1caa9f174cd4" />
    <UnitTestResult executionId="d102293f-5977-4ea2-9a52-e3b4e0e8a901" testId="785f698c-14f3-1d5f-c380-2f18a0f7eaf8" testName="OetLearner.Api.Tests.AuthFlowsTests.AuthService_SignOut_RevokesRefreshToken" computerName="DESKTOP-CTTE8JM" duration="00:00:00.1309556" startTime="2026-04-11T20:47:48.2175777+05:00" endTime="2026-04-11T20:47:48.3484966+05:00" testType="13cdc9d9-ddb5-4fa4-a97d-d965ccfc6d4b" outcome="Passed" testListId="8c84fa94-04c1-424b-9868-57a2d4851a1d" relativeResultsDirectory="d102293f-5977-4ea2-9a52-e3b4e0e8a901" />
    <UnitTestResult executionId="b92a9152-1698-467b-8b47-ce10dd1446b3" testId="4fecfb9e-b37c-7faa-1930-13f177f60ff6" testName="OetLearner.Api.Tests.AuthFlowsTests.AuthResponseContracts_SerializeAndDeserializeWithExpectedShape(sample: AuthSessionResponse { AccessToken = access-token, RefreshToken = refresh-token, AccessTokenExpiresAt = 3/27/2026 12:45:00 PM +00:00, RefreshTokenExpiresAt = 4/26/2026 12:45:00 PM +00:00, CurrentUser = CurrentUserResponse { UserId = auth_learner_001, Email = learner@example.com, Role = learner, DisplayName = Learner One, IsEmailVerified = True, IsAuthenticatorEnabled = True, RequiresEmailVerification = False, RequiresMfa = False, EmailVerifiedAt = 3/27/2026 12:30:00 PM +00:00, AuthenticatorEnabledAt = 3/27/2026 1:00:00 PM +00:00 } }, expectedProperties: [&quot;accessToken&quot;, &quot;refreshToken&quot;, &quot;accessTokenExpiresAt&quot;, &quot;refreshTokenExpiresAt&quot;, &quot;currentUser&quot;])" computerName="DESKTOP-CTTE8JM" duration="00:00:00.0013991" startTime="2026-04-11T20:47:44.7993558+05:00" endTime="2026-04-11T20:47:44.8006168+05:00" testType="13cdc9d9-ddb5-4fa4-a97d-d965ccfc6d4b" outcome="Passed" testListId="8c84fa94-04c1-424b-9868-57a2d4851a1d" relativeResultsDirectory="b92a9152-1698-467b-8b47-ce10dd1446b3" />
    <UnitTestResult executionId="5a5b2e0e-d472-462c-bd89-79654ea0b253" testId="66f8d77f-54e4-62a0-45b9-12e41e773ead" testName="OetLearner.Api.Tests.ProductionReadinessTests.App_FailsFastInProduction_WhenTokenSecretIsMissing" computerName="DESKTOP-CTTE8JM" duration="00:00:00.0254847" startTime="2026-04-11T20:46:18.1535080+05:00" endTime="2026-04-11T20:46:18.1781271+05:00" testType="13cdc9d9-ddb5-4fa4-a97d-d965ccfc6d4b" outcome="Passed" testListId="8c84fa94-04c1-424b-9868-57a2d4851a1d" relativeResultsDirectory="5a5b2e0e-d472-462c-bd89-79654ea0b253" />
    <UnitTestResult executionId="66a7ff87-a057-4430-8b77-3da1756757de" testId="21500b66-e6cd-bb63-9283-2348f79bd208" testName="OetLearner.Api.Tests.ProductionReadinessTests.App_BootsWithFirstPartyTokenConfiguration_InProduction" computerName="DESKTOP-CTTE8JM" duration="00:00:02.3329002" startTime="2026-04-11T20:46:18.1842071+05:00" endTime="2026-04-11T20:46:20.5173066+05:00" testType="13cdc9d9-ddb5-4fa4-a97d-d965ccfc6d4b" outcome="Passed" testListId="8c84fa94-04c1-424b-9868-57a2d4851a1d" relativeResultsDirectory="66a7ff87-a057-4430-8b77-3da1756757de" />
    <UnitTestResult executionId="7cacec91-1ee6-4841-995e-62eb7f3140f1" testId="27454766-4cba-1b8f-9da2-772f2cc8dc83" testName="OetLearner.Api.Tests.AdminFlowsTests.AdminDashboard_AndContentList_RemainQueryable_WhenSqliteBacksDesktopRuntime" computerName="DESKTOP-CTTE8JM" duration="00:00:02.7068086" startTime="2026-04-11T20:48:09.8833962+05:00" endTime="2026-04-11T20:48:12.5903669+05:00" testType="13cdc9d9-ddb5-4fa4-a97d-d965ccfc6d4b" outcome="Passed" testListId="8c84fa94-04c1-424b-9868-57a2d4851a1d" relativeResultsDirectory="7cacec91-1ee6-4841-995e-62eb7f3140f1" />
    <UnitTestResult executionId="e5404800-a8f5-46ee-9e0f-1f1cc1f91a68" testId="a2aab8b9-184f-47b7-4d4d-79a53e0ec787" testName="OetLearner.Api.Tests.AuthFlowsTests.AuthEndpoints_PrivilegedRoutes_RejectUnverifiedPrivilegedTokens(role: &quot;expert&quot;, route: &quot;/v1/expert/me&quot;)" computerName="DESKTOP-CTTE8JM" duration="00:00:02.0777226" startTime="2026-04-11T20:47:12.9097433+05:00" endTime="2026-04-11T20:47:14.9874789+05:00" testType="13cdc9d9-ddb5-4fa4-a97d-d965ccfc6d4b" outcome="Passed" testListId="8c84fa94-04c1-424b-9868-57a2d4851a1d" relativeResultsDirectory="e5404800-a8f5-46ee-9e0f-1f1cc1f91a68" />
    <UnitTestResult executionId="b7611a26-bd3b-4a26-b386-e70a725a66c3" testId="c35d706c-93e8-31f3-eb62-87c2889003a4" testName="OetLearner.Api.Tests.LifecycleConcurrencyTests.ExpertUser_StaleLifecycleWrite_ThrowsConcurrencyException" computerName="DESKTOP-CTTE8JM" duration="00:00:00.1047384" startTime="2026-04-11T20:48:35.7440144+05:00" endTime="2026-04-11T20:48:35.8487736+05:00" testType="13cdc9d9-ddb5-4fa4-a97d-d965ccfc6d4b" outcome="Passed" testListId="8c84fa94-04c1-424b-9868-57a2d4851a1d" relativeResultsDirectory="b7611a26-bd3b-4a26-b386-e70a725a66c3" />
    <UnitTestResult executionId="6d365276-3e3a-49a4-9c90-be5e2fd89b9c" testId="3774a15c-08f9-d808-0a75-d3641eb4a95d" testName="OetLearner.Api.Tests.ExpertFlowsTests.ExpertDraftSaveAndSubmit_WritingFlow" computerName="DESKTOP-CTTE8JM" duration="00:00:02.2998150" startTime="2026-04-11T20:47:04.4591951+05:00" endTime="2026-04-11T20:47:06.7591151+05:00" testType="13cdc9d9-ddb5-4fa4-a97d-d965ccfc6d4b" outcome="Passed" testListId="8c84fa94-04c1-424b-9868-57a2d4851a1d" relativeResultsDirectory="6d365276-3e3a-49a4-9c90-be5e2fd89b9c" />
    <UnitTestResult executionId="0d8f2be3-67f8-4eaa-bf9b-b8a53e0c6381" testId="8ce565ce-d162-450a-1d62-798078a0e04e" testName="OetLearner.Api.Tests.AuthFlowsTests.AuthService_SignIn_ReturnsSessionAndUpdatesLastLogin" computerName="DESKTOP-CTTE8JM" duration="00:00:00.1377452" startTime="2026-04-11T20:47:59.0986682+05:00" endTime="2026-04-11T20:47:59.2363236+05:00" testType="13cdc9d9-ddb5-4fa4-a97d-d965ccfc6d4b" outcome="Passed" testListId="8c84fa94-04c1-424b-9868-57a2d4851a1d" relativeResultsDirectory="0d8f2be3-67f8-4eaa-bf9b-b8a53e0c6381" />
    <UnitTestResult executionId="34c1c6a2-e6a1-4c6c-8a88-55c4132ef83d" testId="da95512b-d431-5249-86b4-c0609026e364" testName="OetLearner.Api.Tests.LearnerSpecRegressionTests.DiagnosticFlow_CompletesAcrossAllSubtests_AndProducesScopedResults" computerName="DESKTOP-CTTE8JM" duration="00:00:04.1951413" startTime="2026-04-11T20:46:28.3040303+05:00" endTime="2026-04-11T20:46:32.4993772+05:00" testType="13cdc9d9-ddb5-4fa4-a97d-d965ccfc6d4b" outcome="Passed" testListId="8c84fa94-04c1-424b-9868-57a2d4851a1d" relativeResultsDirectory="34c1c6a2-e6a1-4c6c-8a88-55c4132ef83d" />
    <UnitTestResult executionId="165d68b9-64d5-4950-8262-a4cd4b219a1e" testId="c995ed83-778a-b033-93c5-ba3872e0bd52" testName="OetLearner.Api.Tests.AdminFlowsTests.AdminContent_CreateAndPublish" computerName="DESKTOP-CTTE8JM" duration="00:00:00.0686239" startTime="2026-04-11T20:48:13.1297217+05:00" endTime="2026-04-11T20:48:13.1984985+05:00" testType="13cdc9d9-ddb5-4fa4-a97d-d965ccfc6d4b" outcome="Passed" testListId="8c84fa94-04c1-424b-9868-57a2d4851a1d" relativeResultsDirectory="165d68b9-64d5-4950-8262-a4cd4b219a1e" />
    <UnitTestResult executionId="f4c9c15e-2e59-477a-a375-12eff4a74d51" testId="14077f70-b65b-a026-f786-5e8cf3881d30" testName="OetLearner.Api.Tests.LearnerSpecRegressionTests.MockAttemptCreation_PersistsReviewSelectionAndLaunchRoutes" computerName="DESKTOP-CTTE8JM" duration="00:00:00.0168397" startTime="2026-04-11T20:46:32.4997729+05:00" endTime="2026-04-11T20:46:32.5164796+05:00" testType="13cdc9d9-ddb5-4fa4-a97d-d965ccfc6d4b" outcome="Passed" testListId="8c84fa94-04c1-424b-9868-57a2d4851a1d" relativeResultsDirectory="f4c9c15e-2e59-477a-a375-12eff4a74d51" />
    <UnitTestResult executionId="e8f6d948-8c0a-4952-bf02-683d30dfeec1" testId="562c74e3-49ee-c14c-2ee5-68bccc5e4d6d" testName="OetLearner.Api.Tests.LearnerSpecRegressionTests.SettingsSectionEndpoints_ExposeConcreteLearnerSections" computerName="DESKTOP-CTTE8JM" duration="00:00:00.0093237" startTime="2026-04-11T20:46:36.6008403+05:00" endTime="2026-04-11T20:46:36.6102572+05:00" testType="13cdc9d9-ddb5-4fa4-a97d-d965ccfc6d4b" outcome="Passed" testListId="8c84fa94-04c1-424b-9868-57a2d4851a1d" relativeResultsDirectory="e8f6d948-8c0a-4952-bf02-683d30dfeec1" />
    <UnitTestResult executionId="d6594950-ee18-4cda-a1e7-8ac2996f5b84" testId="09b05353-841a-953f-9bf1-79ed30fa6d26" testName="OetLearner.Api.Tests.AuthFlowsTests.AuthEndpoints_VerifyEmailOtp_RejectsExpiredCode" computerName="DESKTOP-CTTE8JM" duration="00:00:02.8623211" startTime="2026-04-11T20:47:41.9194688+05:00" endTime="2026-04-11T20:47:44.7821927+05:00" testType="13cdc9d9-ddb5-4fa4-a97d-d965ccfc6d4b" outcome="Passed" testListId="8c84fa94-04c1-424b-9868-57a2d4851a1d" relativeResultsDirectory="d6594950-ee18-4cda-a1e7-8ac2996f5b84" />
    <UnitTestResult executionId="b10b6213-85c7-4f67-8f77-f5311904c547" testId="64ec0673-6ccd-a48c-c7f0-c5775489e739" testName="OetLearner.Api.Tests.AuthFlowsTests.LearnerDbContext_PersistsAuthAccountAndRefreshTokenRoundTrip" computerName="DESKTOP-CTTE8JM" duration="00:00:00.0237823" startTime="2026-04-11T20:47:44.8013040+05:00" endTime="2026-04-11T20:47:44.8251779+05:00" testType="13cdc9d9-ddb5-4fa4-a97d-d965ccfc6d4b" outcome="Passed" testListId="8c84fa94-04c1-424b-9868-57a2d4851a1d" relativeResultsDirectory="b10b6213-85c7-4f67-8f77-f5311904c547" />
    <UnitTestResult executionId="491247af-a16b-4929-8f31-69990f73257f" testId="dfc14ad3-9a49-4b87-2f8c-63993abc21a7" testName="OetLearner.Api.Tests.ExpertFlowsTests.ExpertLearners_ReturnsAssignedOnlyDirectory" computerName="DESKTOP-CTTE8JM" duration="00:00:00.0942190" startTime="2026-04-11T20:46:56.4060055+05:00" endTime="2026-04-11T20:46:56.5000143+05:00" testType="13cdc9d9-ddb5-4fa4-a97d-d965ccfc6d4b" outcome="Passed" testListId="8c84fa94-04c1-424b-9868-57a2d4851a1d" relativeResultsDirectory="491247af-a16b-4929-8f31-69990f73257f" />
    <UnitTestResult executionId="3b507803-3cbe-49d2-99f5-2d63db02009f" testId="48319cb1-ce4b-6f74-9d6e-81c566494835" testName="OetLearner.Api.Tests.ExpertFlowsTests.LearnerCannotAccessExpertEndpoints" computerName="DESKTOP-CTTE8JM" duration="00:00:02.5671852" startTime="2026-04-11T20:46:53.6508664+05:00" endTime="2026-04-11T20:46:56.2184340+05:00" testType="13cdc9d9-ddb5-4fa4-a97d-d965ccfc6d4b" outcome="Passed" testListId="8c84fa94-04c1-424b-9868-57a2d4851a1d" relativeResultsDirectory="3b507803-3cbe-49d2-99f5-2d63db02009f" />
    <UnitTestResult executionId="40851155-6933-4182-b642-b204b53cdf83" testId="d0618c05-f6f5-2150-419e-5ec1cee5370d" testName="OetLearner.Api.Tests.AuthFlowsTests.AuthRequestContracts_SerializeAndDeserializeWithExpectedShape(sample: SignOutRequest { RefreshToken = refresh-token-value }, expectedProperties: [&quot;refreshToken&quot;])" computerName="DESKTOP-CTTE8JM" duration="00:00:00.0001384" startTime="2026-04-11T20:47:50.7043851+05:00" endTime="2026-04-11T20:47:50.7044884+05:00" testType="13cdc9d9-ddb5-4fa4-a97d-d965ccfc6d4b" outcome="Passed" testListId="8c84fa94-04c1-424b-9868-57a2d4851a1d" relativeResultsDirectory="40851155-6933-4182-b642-b204b53cdf83" />
[...]
      Open: http://localhost/submissions/wa-001&#xD;
info: Microsoft.EntityFrameworkCore.Update[30100]&#xD;
      Saved 1 entities to in-memory store.&#xD;
info: Microsoft.EntityFrameworkCore.Update[30100]&#xD;
      Saved 1 entities to in-memory store.&#xD;
info: Microsoft.EntityFrameworkCore.Update[30100]&#xD;
      Saved 1 entities to in-memory store.&#xD;
info: Microsoft.EntityFrameworkCore.Update[30100]&#xD;
      Saved 1 entities to in-memory store.&#xD;
info: Microsoft.Hosting.Lifetime[0]&#xD;
      Application is shutting down...&#xD;
info: Microsoft.EntityFrameworkCore.Update[30100]&#xD;
      Saved 0 entities to in-memory store.&#xD;
info: Microsoft.EntityFrameworkCore.Update[30100]&#xD;
      Saved 1 entities to in-memory store.&#xD;
info: Microsoft.EntityFrameworkCore.Update[30100]&#xD;
      Saved 178 entities to in-memory store.&#xD;
info: Microsoft.EntityFrameworkCore.Update[30100]&#xD;
      Saved 90 entities to in-memory store.&#xD;
info: Microsoft.EntityFrameworkCore.Update[30100]&#xD;
      Saved 11 entities to in-memory store.&#xD;
info: Microsoft.Hosting.Lifetime[0]&#xD;
      Application started. Press Ctrl+C to shut down.&#xD;
info: Microsoft.Hosting.Lifetime[0]&#xD;
      Hosting environment: Development&#xD;
info: Microsoft.Hosting.Lifetime[0]&#xD;
      Content root path: C:\Users\Admin\Desktop\New OET Web App\oetwebapp\backend\src\OetLearner.Api&#xD;
info: Microsoft.EntityFrameworkCore.Update[30100]&#xD;
      Saved 1 entities to in-memory store.&#xD;
info: Microsoft.EntityFrameworkCore.Update[30100]&#xD;
      Saved 1 entities to in-memory store.&#xD;
info: Microsoft.EntityFrameworkCore.Update[30100]&#xD;
      Saved 1 entities to in-memory store.&#xD;
info: Microsoft.EntityFrameworkCore.Update[30100]&#xD;
      Saved 1 entities to in-memory store.&#xD;
info: Microsoft.EntityFrameworkCore.Update[30100]&#xD;
      Saved 1 entities to in-memory store.&#xD;
info: Microsoft.EntityFrameworkCore.Update[30100]&#xD;
      Saved 1 entities to in-memory store.&#xD;
info: Microsoft.EntityFrameworkCore.Update[30100]&#xD;
      Saved 1 entities to in-memory store.&#xD;
info: Microsoft.EntityFrameworkCore.Update[30100]&#xD;
      Saved 1 entities to in-memory store.&#xD;
info: Microsoft.EntityFrameworkCore.Update[30100]&#xD;
      Saved 1 entities to in-memory store.&#xD;
info: OetLearner.Api.Services.SmtpEmailSender[0]&#xD;
      SMTP disabled for development. To=learner@oet-prep.dev Subject=Your writing expert review is ready Body=Your writing expert review is ready&#xD;
      Your expert feedback bundle has been published in the learner workspace.&#xD;
      Open: http://localhost/submissions/wa-001&#xD;
info: Microsoft.EntityFrameworkCore.Update[30100]&#xD;
      Saved 1 entities to in-memory store.&#xD;
warn: OetLearner.Api.Services.NotificationService[0]&#xD;
      Web push delivery failed for event nev-885e1650b2b1402886c7122326c7400a subscription 9df16d67-40a7-45b2-992e-64d39d9624b7&#xD;
      OetLearner.Api.Services.PushDispatchException: Subscription is gone.&#xD;
         at OetLearner.Api.Tests.NotificationFlowsTests.&lt;&gt;c.&lt;ExpiredPushSubscription_IsDisabled_WhenDispatcherReturns410&gt;b__5_1(PushSubscription _, String _, CancellationToken _) in C:\Users\Admin\Desktop\New OET Web App\oetwebapp\backend\tests\OetLearner.Api.Tests\NotificationFlowsTests.cs:line 276&#xD;
         at OetLearner.Api.Tests.Infrastructure.FakeWebPushDispatcher.SendAsync(PushSubscription subscription, String payload, CancellationToken cancellationToken) in C:\Users\Admin\Desktop\New OET Web App\oetwebapp\backend\tests\OetLearner.Api.Tests\Infrastructure\NotificationTestDoubles.cs:line 33&#xD;
         at OetLearner.Api.Services.NotificationService.SendPushAsync(NotificationEvent notificationEvent, CancellationToken ct) in C:\Users\Admin\Desktop\New OET Web App\oetwebapp\backend\src\OetLearner.Api\Services\NotificationService.cs:line 2069&#xD;
info: Microsoft.EntityFrameworkCore.Update[30100]&#xD;
      Saved 2 entities to in-memory store.&#xD;
info: Microsoft.EntityFrameworkCore.Update[30100]&#xD;
      Saved 1 entities to in-memory store.&#xD;
info: Microsoft.EntityFrameworkCore.Update[30100]&#xD;
      Saved 1 entities to in-memory store.&#xD;
info: Microsoft.Hosting.Lifetime[0]&#xD;
      Application is shutting down...&#xD;
info: Microsoft.EntityFrameworkCore.Update[30100]&#xD;
      Saved 0 entities to in-memory store.&#xD;
info: Microsoft.EntityFrameworkCore.Update[30100]&#xD;
      Saved 1 entities to in-memory store.&#xD;
info: Microsoft.EntityFrameworkCore.Update[30100]&#xD;
      Saved 178 entities to in-memory store.&#xD;
info: Microsoft.EntityFrameworkCore.Update[30100]&#xD;
      Saved 90 entities to in-memory store.&#xD;
info: Microsoft.EntityFrameworkCore.Update[30100]&#xD;
      Saved 11 entities to in-memory store.&#xD;
info: Microsoft.Hosting.Lifetime[0]&#xD;
      Application started. Press Ctrl+C to shut down.&#xD;
info: Microsoft.Hosting.Lifetime[0]&#xD;
      Hosting environment: Development&#xD;
info: Microsoft.Hosting.Lifetime[0]&#xD;
      Content root path: C:\Users\Admin\Desktop\New OET Web App\oetwebapp\backend\src\OetLearner.Api&#xD;
info: Microsoft.EntityFrameworkCore.Update[30100]&#xD;
      Saved 1 entities to in-memory store.&#xD;
info: Microsoft.EntityFrameworkCore.Update[30100]&#xD;
      Saved 1 entities to in-memory store.&#xD;
info: Microsoft.EntityFrameworkCore.Update[30100]&#xD;
      Saved 1 entities to in-memory store.&#xD;
info: Microsoft.EntityFrameworkCore.Update[30100]&#xD;
      Saved 1 entities to in-memory store.&#xD;
info: Microsoft.EntityFrameworkCore.Update[30100]&#xD;
      Saved 1 entities to in-memory store.&#xD;
info: Microsoft.EntityFrameworkCore.Update[30100]&#xD;
      Saved 1 entities to in-memory store.&#xD;
info: Microsoft.EntityFrameworkCore.Update[30100]&#xD;
      Saved 1 entities to in-memory store.&#xD;
info: Microsoft.EntityFrameworkCore.Update[30100]&#xD;
      Saved 1 entities to in-memory store.&#xD;
info: Microsoft.EntityFrameworkCore.Update[30100]&#xD;
      Saved 1 entities to in-memory store.&#xD;
info: Microsoft.EntityFrameworkCore.Update[30100]&#xD;
      Saved 1 entities to in-memory store.&#xD;
info: Microsoft.EntityFrameworkCore.Update[30100]&#xD;
      Saved 1 entities to in-memory store.&#xD;
info: Microsoft.EntityFrameworkCore.Update[30100]&#xD;
      Saved 1 entities to in-memory store.&#xD;
info: Microsoft.EntityFrameworkCore.Update[30100]&#xD;
      Saved 1 entities to in-memory store.&#xD;
info: Microsoft.Hosting.Lifetime[0]&#xD;
      Application is shutting down...&#xD;
info: Microsoft.EntityFrameworkCore.Update[30100]&#xD;
      Saved 0 entities to in-memory store.&#xD;
info: Microsoft.EntityFrameworkCore.Update[30100]&#xD;
      Saved 1 entities to in-memory store.&#xD;
info: Microsoft.EntityFrameworkCore.Update[30100]&#xD;
      Saved 178 entities to in-memory store.&#xD;
info: Microsoft.EntityFrameworkCore.Update[30100]&#xD;
      Saved 90 entities to in-memory store.&#xD;
info: Microsoft.EntityFrameworkCore.Update[30100]&#xD;
      Saved 11 entities to in-memory store.&#xD;
info: Microsoft.Hosting.Lifetime[0]&#xD;
      Application started. Press Ctrl+C to shut down.&#xD;
info: Microsoft.Hosting.Lifetime[0]&#xD;
      Hosting environment: Development&#xD;
info: Microsoft.Hosting.Lifetime[0]&#xD;
      Content root path: C:\Users\Admin\Desktop\New OET Web App\oetwebapp\backend\src\OetLearner.Api&#xD;
info: Microsoft.EntityFrameworkCore.Update[30100]&#xD;
      Saved 1 entities to in-memory store.&#xD;
info: Microsoft.EntityFrameworkCore.Update[30100]&#xD;
      Saved 1 entities to in-memory store.&#xD;
info: Microsoft.EntityFrameworkCore.Update[30100]&#xD;
      Saved 1 entities to in-memory store.&#xD;
info: Microsoft.EntityFrameworkCore.Update[30100]&#xD;
      Saved 1 entities to in-memory store.&#xD;
info: Microsoft.EntityFrameworkCore.Update[30100]&#xD;
      Saved 1 entities to in-memory store.&#xD;
info: Microsoft.EntityFrameworkCore.Update[30100]&#xD;
      Saved 1 entities to in-memory store.&#xD;
info: Microsoft.EntityFrameworkCore.Update[30100]&#xD;
      Saved 1 entities to in-memory store.&#xD;
info: Microsoft.EntityFrameworkCore.Update[30100]&#xD;
      Saved 1 entities to in-memory store.&#xD;
info: OetLearner.Api.Services.SmtpEmailSender[0]&#xD;
      SMTP disabled for development. To=learner@oet-prep.dev Subject=Your writing expert review is ready Body=Your writing expert review is ready&#xD;
      Your expert feedback bundle has been published in the learner workspace.&#xD;
      Open: http://localhost/submissions/wa-001&#xD;
info: Microsoft.EntityFrameworkCore.Update[30100]&#xD;
      Saved 1 entities to in-memory store.&#xD;
info: Microsoft.EntityFrameworkCore.Update[30100]&#xD;
      Saved 1 entities to in-memory store.&#xD;
info: Microsoft.EntityFrameworkCore.Update[30100]&#xD;
      Saved 1 entities to in-memory store.&#xD;
info: Microsoft.EntityFrameworkCore.Update[30100]&#xD;
      Saved 1 entities to in-memory store.&#xD;
info: Microsoft.EntityFrameworkCore.Update[30100]&#xD;
      Saved 1 entities to in-memory store.&#xD;
info: Microsoft.EntityFrameworkCore.Update[30100]&#xD;
      Saved 1 entities to in-memory store.&#xD;
info: Microsoft.EntityFrameworkCore.Update[30100]&#xD;
      Saved 1 entities to in-memory store.&#xD;
info: Microsoft.EntityFrameworkCore.Update[30100]&#xD;
      Saved 1 entities to in-memory store.&#xD;
info: OetLearner.Api.Services.SmtpEmailSender[0]&#xD;
      SMTP disabled for development. To=learner@oet-prep.dev Subject=Your writing evaluation is ready Body=Your writing evaluation is ready&#xD;
      Open the writing result to review score guidance and next steps.&#xD;
      Open: http://localhost/submissions/wa-001&#xD;
info: Microsoft.EntityFrameworkCore.Update[30100]&#xD;
      Saved 1 entities to in-memory store.&#xD;
info: Microsoft.EntityFrameworkCore.Update[30100]&#xD;
      Saved 1 entities to in-memory store.&#xD;
info: Microsoft.EntityFrameworkCore.Update[30100]&#xD;
      Saved 1 entities to in-memory store.&#xD;
info: Microsoft.EntityFrameworkCore.Update[30100]&#xD;
      Saved 1 entities to in-memory store.&#xD;
info: Microsoft.EntityFrameworkCore.Update[30100]&#xD;
      Saved 1 entities to in-memory store.&#xD;
info: Microsoft.Hosting.Lifetime[0]&#xD;
      Application is shutting down...&#xD;
fail: Microsoft.EntityFrameworkCore.Database.Command[20102]&#xD;
      Failed executing DbCommand (0ms) [Parameters=[], CommandType='Text', CommandTimeout='30']&#xD;
      ALTER TABLE "Criteria" ADD COLUMN "Status" TEXT NOT NULL DEFAULT 'active';&#xD;
fail: Microsoft.EntityFrameworkCore.Database.Command[20102]&#xD;
      Failed executing DbCommand (0ms) [Parameters=[], CommandType='Text', CommandTimeout='30']&#xD;
      ALTER TABLE "ExpertReviewDrafts" ADD COLUMN "ScratchpadJson" TEXT NOT NULL DEFAULT '""';&#xD;
fail: Microsoft.EntityFrameworkCore.Database.Command[20102]&#xD;
      Failed executing DbCommand (0ms) [Parameters=[], CommandType='Text', CommandTimeout='30']&#xD;
      ALTER TABLE "ExpertReviewDrafts" ADD COLUMN "ChecklistItemsJson" TEXT NOT NULL DEFAULT '[]';&#xD;
info: Microsoft.Hosting.Lifetime[0]&#xD;
      Application started. Press Ctrl+C to shut down.&#xD;
info: Microsoft.Hosting.Lifetime[0]&#xD;
      Hosting environment: Development&#xD;
info: Microsoft.Hosting.Lifetime[0]&#xD;
      Content root path: C:\Users\Admin\Desktop\New OET Web App\oetwebapp\backend\src\OetLearner.Api&#xD;
info: OetLearner.Api.Services.SmtpEmailSender[0]&#xD;
      SMTP disabled for development. To=learner@oet-prep.dev Subject=Your writing expert review is ready Body=Your writing expert review is ready&#xD;
      Your expert feedback bundle has been published in the learner workspace.&#xD;
      Open: http://localhost/submissions/wa-001&#xD;
info: Microsoft.Hosting.Lifetime[0]&#xD;
      Application is shutting down...&#xD;
info: Microsoft.EntityFrameworkCore.Update[30100]&#xD;
      Saved 0 entities to in-memory store.&#xD;
info: Microsoft.EntityFrameworkCore.Update[30100]&#xD;
      Saved 1 entities to in-memory store.&#xD;
info: Microsoft.EntityFrameworkCore.Update[30100]&#xD;
      Saved 178 entities to in-memory store.&#xD;
info: Microsoft.EntityFrameworkCore.Update[30100]&#xD;
      Saved 90 entities to in-memory store.&#xD;
info: Microsoft.EntityFrameworkCore.Update[30100]&#xD;
      Saved 11 entities to in-memory store.&#xD;
info: Microsoft.Hosting.Lifetime[0]&#xD;
      Application started. Press Ctrl+C to shut down.&#xD;
info: Microsoft.Hosting.Lifetime[0]&#xD;
      Hosting environment: Development&#xD;
info: Microsoft.Hosting.Lifetime[0]&#xD;
      Content root path: C:\Users\Admin\Desktop\New OET Web App\oetwebapp\backend\src\OetLearner.Api&#xD;
info: Microsoft.EntityFrameworkCore.Update[30100]&#xD;
      Saved 1 entities to in-memory store.&#xD;
info: Microsoft.EntityFrameworkCore.Update[30100]&#xD;
      Saved 1 entities to in-memory store.&#xD;
info: Microsoft.EntityFrameworkCore.Update[30100]&#xD;
      Saved 1 entities to in-memory store.&#xD;
info: Microsoft.EntityFrameworkCore.Update[30100]&#xD;
      Saved 1 entities to in-memory store.&#xD;
info: Microsoft.EntityFrameworkCore.Update[30100]&#xD;
      Saved 1 entities to in-memory store.&#xD;
info: Microsoft.EntityFrameworkCore.Update[30100]&#xD;
      Saved 2 entities to in-memory store.&#xD;
info: Microsoft.EntityFrameworkCore.Update[30100]&#xD;
      Saved 1 entities to in-memory store.&#xD;
info: Microsoft.EntityFrameworkCore.Update[30100]&#xD;
      Saved 1 entities to in-memory store.&#xD;
info: Microsoft.EntityFrameworkCore.Update[30100]&#xD;
      Saved 1 entities to in-memory store.&#xD;
info: OetLearner.Api.Services.SmtpEmailSender[0]&#xD;
      SMTP disabled for development. To=learner@oet-prep.dev Subject=Your writing expert review is ready Body=Your writing expert review is ready&#xD;
      Your expert feedback bundle has been published in the learner workspace.&#xD;
      Open: http://localhost/submissions/wa-001&#xD;
info: Microsoft.EntityFrameworkCore.Update[30100]&#xD;
      Saved 1 entities to in-memory store.&#xD;
info: Microsoft.EntityFrameworkCore.Update[30100]&#xD;
      Saved 1 entities to in-memory store.&#xD;
info: Microsoft.EntityFrameworkCore.Update[30100]&#xD;
      Saved 1 entities to in-memory store.&#xD;
info: Microsoft.EntityFrameworkCore.Update[30100]&#xD;
      Saved 1 entities to in-memory store.&#xD;
info: Microsoft.Hosting.Lifetime[0]&#xD;
      Application is shutting down...&#xD;
info: Microsoft.EntityFrameworkCore.Update[30100]&#xD;
      Saved 0 entities to in-memory store.&#xD;
info: Microsoft.EntityFrameworkCore.Update[30100]&#xD;
      Saved 1 entities to in-memory store.&#xD;
info: Microsoft.EntityFrameworkCore.Update[30100]&#xD;
      Saved 178 entities to in-memory store.&#xD;
info: Microsoft.EntityFrameworkCore.Update[30100]&#xD;
      Saved 90 entities to in-memory store.&#xD;
info: Microsoft.EntityFrameworkCore.Update[30100]&#xD;
      Saved 11 entities to in-memory store.&#xD;
info: Microsoft.Hosting.Lifetime[0]&#xD;
      Application started. Press Ctrl+C to shut down.&#xD;
info: Microsoft.Hosting.Lifetime[0]&#xD;
      Hosting environment: Development&#xD;
info: Microsoft.Hosting.Lifetime[0]&#xD;
      Content root path: C:\Users\Admin\Desktop\New OET Web App\oetwebapp\backend\src\OetLearner.Api&#xD;
info: Microsoft.EntityFrameworkCore.Update[30100]&#xD;
      Saved 1 entities to in-memory store.&#xD;
info: Microsoft.EntityFrameworkCore.Update[30100]&#xD;
      Saved 1 entities to in-memory store.&#xD;
info: Microsoft.EntityFrameworkCore.Update[30100]&#xD;
      Saved 1 entities to in-memory store.&#xD;
info: Microsoft.EntityFrameworkCore.Update[30100]&#xD;
      Saved 1 entities to in-memory store.&#xD;
info: Microsoft.EntityFrameworkCore.Update[30100]&#xD;
      Saved 2 entities to in-memory store.&#xD;
info: Microsoft.EntityFrameworkCore.Update[30100]&#xD;
      Saved 1 entities to in-memory store.&#xD;
info: Microsoft.EntityFrameworkCore.Update[30100]&#xD;
      Saved 1 entities to in-memory store.&#xD;
info: Microsoft.EntityFrameworkCore.Update[30100]&#xD;
      Saved 1 entities to in-memory store.&#xD;
info: Microsoft.EntityFrameworkCore.Update[30100]&#xD;
      Saved 1 entities to in-memory store.&#xD;
info: Microsoft.EntityFrameworkCore.Update[30100]&#xD;
      Saved 1 entities to in-memory store.&#xD;
info: Microsoft.EntityFrameworkCore.Update[30100]&#xD;
      Saved 1 entities to in-memory store.&#xD;
info: Microsoft.EntityFrameworkCore.Update[30100]&#xD;
      Saved 1 entities to in-memory store.&#xD;
info: Microsoft.EntityFrameworkCore.Update[30100]&#xD;
      Saved 1 entities to in-memory store.&#xD;
info: Microsoft.Hosting.Lifetime[0]&#xD;
      Application is shutting down...&#xD;
info: Microsoft.EntityFrameworkCore.Update[30100]&#xD;
      Saved 0 entities to in-memory store.&#xD;
info: Microsoft.EntityFrameworkCore.Update[30100]&#xD;
      Saved 1 entities to in-memory store.&#xD;
info: Microsoft.EntityFrameworkCore.Update[30100]&#xD;
      Saved 178 entities to in-memory store.&#xD;
info: Microsoft.EntityFrameworkCore.Update[30100]&#xD;
      Saved 90 entities to in-memory store.&#xD;
info: Microsoft.EntityFrameworkCore.Update[30100]&#xD;
      Saved 11 entities to in-memory store.&#xD;
info: Microsoft.Hosting.Lifetime[0]&#xD;
      Application started. Press Ctrl+C to shut down.&#xD;
info: Microsoft.Hosting.Lifetime[0]&#xD;
      Hosting environment: Development&#xD;
info: Microsoft.Hosting.Lifetime[0]&#xD;
      Content root path: C:\Users\Admin\Desktop\New OET Web App\oetwebapp\backend\src\OetLearner.Api&#xD;
fail: Microsoft.AspNetCore.Diagnostics.ExceptionHandlerMiddleware[1]&#xD;
      An unhandled exception has occurred while executing the request.&#xD;
      OetLearner.Api.Services.ApiException: An analytics event name is required.&#xD;
         at OetLearner.Api.Services.AnalyticsIngestionService.RecordAsync(String userId, AnalyticsTrackRequest request, CancellationToken ct) in C:\Users\Admin\Desktop\New OET Web App\oetwebapp\backend\src\OetLearner.Api\Services\AnalyticsIngestionService.cs:line 15&#xD;
         at OetLearner.Api.Endpoints.AnalyticsEndpoints.&lt;&gt;c.&lt;&lt;MapAnalyticsEndpoints&gt;b__0_0&gt;d.MoveNext() in C:\Users\Admin\Desktop\New OET Web App\oetwebapp\backend\src\OetLearner.Api\Endpoints\AnalyticsEndpoints.cs:line 17&#xD;
      --- End of stack trace from previous location ---&#xD;
         at Microsoft.AspNetCore.Http.RequestDelegateFactory.ExecuteTaskResult[T](Task`1 task, HttpContext httpContext)&#xD;
         at Microsoft.AspNetCore.Http.RequestDelegateFactory.&lt;&gt;c__DisplayClass102_2.&lt;&lt;HandleRequestBodyAndCompileRequestDelegateForJson&gt;b__2&gt;d.MoveNext()&#xD;
      --- End of stack trace from previous location ---&#xD;
         at Microsoft.AspNetCore.Authorization.AuthorizationMiddleware.Invoke(HttpContext context)&#xD;
         at Microsoft.AspNetCore.RateLimiting.RateLimitingMiddleware.InvokeInternal(HttpContext context, EnableRateLimitingAttribute enableRateLimitingAttribute)&#xD;
         at Microsoft.AspNetCore.Authentication.AuthenticationMiddleware.Invoke(HttpContext context)&#xD;
         at Swashbuckle.AspNetCore.SwaggerUI.SwaggerUIMiddleware.Invoke(HttpContext httpContext)&#xD;
         at Swashbuckle.AspNetCore.Swagger.SwaggerMiddleware.Invoke(HttpContext httpContext, ISwaggerProvider swaggerProvider)&#xD;
         at Microsoft.AspNetCore.Diagnostics.ExceptionHandlerMiddlewareImpl.&lt;Invoke&gt;g__Awaited|10_0(ExceptionHandlerMiddlewareImpl middleware, HttpContext context, Task task)&#xD;
info: Microsoft.EntityFrameworkCore.Update[30100]&#xD;
      Saved 1 entities to in-memory store.&#xD;
info: Microsoft.Hosting.Lifetime[0]&#xD;
      Application is shutting down...&#xD;
[xUnit.net 00:02:37.67]   Finished:    OetLearner.Api.Tests&#xD;
</StdOut>
    </Output>
  </ResultSummary>
</TestRun>